  bash arg: -p
  bash arg: org.telegram.messenger
  bash arg: --throttle
  bash arg: 50
  bash arg: --pct-syskeys
  bash arg: 0
  bash arg: --pct-nav
  bash arg: 10
  bash arg: --pct-touch
  bash arg: 70
  bash arg: -v
  bash arg: 800
args: [-p, org.telegram.messenger, --throttle, 50, --pct-syskeys, 0, --pct-nav, 10, --pct-touch, 70, -v, 800]
 arg: "-p"
 arg: "org.telegram.messenger"
 arg: "--throttle"
 arg: "50"
 arg: "--pct-syskeys"
 arg: "0"
 arg: "--pct-nav"
 arg: "10"
 arg: "--pct-touch"
 arg: "70"
 arg: "-v"
 arg: "800"
data="org.telegram.messenger"
arg="--throttle" mCurArgData="null" mNextArg=3 argwas="--throttle" nextarg="50"
data="50"
arg="--pct-syskeys" mCurArgData="null" mNextArg=5 argwas="--pct-syskeys" nextarg="0"
data="0"
arg="--pct-nav" mCurArgData="null" mNextArg=7 argwas="--pct-nav" nextarg="10"
data="10"
arg="--pct-touch" mCurArgData="null" mNextArg=9 argwas="--pct-touch" nextarg="70"
data="70"
:Monkey: seed=1760671305629 count=800
:AllowPackage: org.telegram.messenger
:IncludeCategory: android.intent.category.LAUNCHER
:IncludeCategory: android.intent.category.MONKEY
// Event percentages:
//   0: 70.0%
//   1: 3.448276%
//   2: 0.6896552%
//   3: 5.172414%
//   4: -0.0%
//   5: -0.0%
//   6: 10.0%
//   7: 5.172414%
//   8: -0.0%
//   9: 0.6896552%
//   10: 0.3448276%
//   11: 4.4827585%
:Switch: #Intent;action=android.intent.action.MAIN;category=android.intent.category.LAUNCHER;launchFlags=0x10200000;component=org.telegram.messenger/.DefaultIcon;end
    // Allowing start of Intent { act=android.intent.action.MAIN cat=[android.intent.category.LAUNCHER] cmp=org.telegram.messenger/.DefaultIcon } in package org.telegram.messenger
:Sending Touch (ACTION_DOWN): 0:(493.0,1094.0)
:Sending Touch (ACTION_UP): 0:(478.44913,1094.2125)
:Sending Touch (ACTION_DOWN): 0:(71.0,1427.0)
:Sending Touch (ACTION_UP): 0:(65.916725,1427.7184)
:Sending Touch (ACTION_DOWN): 0:(1072.0,637.0)
:Sending Touch (ACTION_UP): 0:(1079.4907,628.1051)
:Sending Touch (ACTION_DOWN): 0:(608.0,1870.0)
:Sending Touch (ACTION_UP): 0:(609.8065,1872.6309)
:Sending Touch (ACTION_DOWN): 0:(1069.0,348.0)
:Sending Touch (ACTION_UP): 0:(1075.3932,355.8476)
:Sending Touch (ACTION_DOWN): 0:(330.0,2012.0)
:Sending Touch (ACTION_UP): 0:(322.81625,1998.1024)
:Sending Touch (ACTION_DOWN): 0:(971.0,2084.0)
:Sending Touch (ACTION_UP): 0:(968.4351,2083.6716)
:Sending Touch (ACTION_DOWN): 0:(892.0,1544.0)
:Sending Touch (ACTION_UP): 0:(896.3103,1540.0994)
:Sending Touch (ACTION_DOWN): 0:(410.0,1476.0)
:Sending Touch (ACTION_UP): 0:(362.53644,1480.8267)
:Sending Touch (ACTION_DOWN): 0:(715.0,1876.0)
:Sending Touch (ACTION_UP): 0:(695.5293,1868.5198)
:Sending Trackball (ACTION_MOVE): 0:(-5.0,-1.0)
:Sending Touch (ACTION_DOWN): 0:(496.0,423.0)
:Sending Touch (ACTION_UP): 0:(494.7038,418.23987)
:Sending Touch (ACTION_DOWN): 0:(622.0,689.0)
:Sending Touch (ACTION_UP): 0:(605.00867,689.8605)
:Sending Touch (ACTION_DOWN): 0:(844.0,1665.0)
:Sending Touch (ACTION_UP): 0:(847.89777,1667.4619)
:Sending Touch (ACTION_DOWN): 0:(498.0,1914.0)
:Sending Touch (ACTION_UP): 0:(489.6761,1910.7539)
:Sending Touch (ACTION_DOWN): 0:(876.0,168.0)
:Sending Touch (ACTION_UP): 0:(877.12885,171.09186)
:Sending Touch (ACTION_DOWN): 0:(304.0,428.0)
:Sending Touch (ACTION_UP): 0:(303.81137,427.9531)
:Sending Trackball (ACTION_MOVE): 0:(3.0,-2.0)
:Sending Touch (ACTION_DOWN): 0:(630.0,1422.0)
:Sending Touch (ACTION_UP): 0:(626.927,1425.7583)
:Sending Touch (ACTION_DOWN): 0:(225.0,1673.0)
:Sending Touch (ACTION_UP): 0:(221.19914,1668.5947)
:Sending Touch (ACTION_DOWN): 0:(632.0,50.0)
:Sending Touch (ACTION_UP): 0:(626.7896,71.62277)
:Sending Touch (ACTION_DOWN): 0:(291.0,158.0)
:Sending Touch (ACTION_UP): 0:(284.91354,162.57947)
:Sending Touch (ACTION_DOWN): 0:(995.0,1633.0)
:Sending Touch (ACTION_UP): 0:(1000.3398,1633.8596)
:Sending Touch (ACTION_DOWN): 0:(855.0,1206.0)
:Sending Touch (ACTION_UP): 0:(859.4981,1204.3137)
:Sending Touch (ACTION_DOWN): 0:(951.0,1947.0)
:Sending Touch (ACTION_UP): 0:(947.2876,1952.6483)
:Sending Touch (ACTION_DOWN): 0:(1076.0,1956.0)
:Sending Touch (ACTION_UP): 0:(1080.0,1955.3019)
:Sending Touch (ACTION_DOWN): 0:(561.0,1758.0)
:Sending Touch (ACTION_UP): 0:(538.9948,1795.2367)
:Sending Touch (ACTION_DOWN): 0:(628.0,1114.0)
:Sending Touch (ACTION_UP): 0:(638.5317,1113.929)
:Sending Touch (ACTION_DOWN): 0:(434.0,480.0)
:Sending Touch (ACTION_UP): 0:(431.32407,477.76498)
    //[calendar_time:2025-10-17 01:50:40.935  system_uptime:32517002]
    // Sending event #100
    //[calendar_time:2025-10-17 01:50:40.988  system_uptime:32517053]
    // Sending event #100
:Sending Touch (ACTION_DOWN): 0:(197.0,1946.0)
:Sending Touch (ACTION_UP): 0:(182.50684,1950.6459)
:Sending Touch (ACTION_DOWN): 0:(1019.0,1143.0)
:Sending Touch (ACTION_UP): 0:(1013.129,1141.0631)
:Sending Touch (ACTION_DOWN): 0:(980.0,1804.0)
:Sending Touch (ACTION_UP): 0:(978.0519,1800.5381)
:Sending Touch (ACTION_DOWN): 0:(330.0,20.0)
:Sending Touch (ACTION_UP): 0:(328.31757,32.6519)
:Sending Touch (ACTION_DOWN): 0:(295.0,1021.0)
:Sending Touch (ACTION_UP): 0:(271.56696,1044.8905)
:Sending Touch (ACTION_DOWN): 0:(95.0,303.0)
:Sending Touch (ACTION_UP): 0:(97.39546,294.11655)
:Sending Touch (ACTION_DOWN): 0:(716.0,62.0)
:Sending Touch (ACTION_UP): 0:(703.16,52.58877)
:Sending Touch (ACTION_DOWN): 0:(954.0,892.0)
:Sending Touch (ACTION_UP): 0:(957.29407,892.8912)
:Sending Touch (ACTION_DOWN): 0:(1048.0,918.0)
:Sending Touch (ACTION_UP): 0:(1044.9005,917.1787)
:Sending Touch (ACTION_DOWN): 0:(328.0,774.0)
:Sending Touch (ACTION_UP): 0:(318.8134,761.76245)
:Sending Touch (ACTION_DOWN): 0:(409.0,921.0)
:Sending Touch (ACTION_UP): 0:(406.24298,928.7617)
:Sending Touch (ACTION_DOWN): 0:(915.0,1087.0)
:Sending Touch (ACTION_UP): 0:(916.63824,1105.6256)
:Sending Touch (ACTION_DOWN): 0:(801.0,729.0)
:Sending Touch (ACTION_UP): 0:(796.87555,716.19885)
:Sending Touch (ACTION_DOWN): 0:(125.0,1029.0)
:Sending Touch (ACTION_UP): 0:(123.29217,1039.1244)
:Sending Touch (ACTION_DOWN): 0:(111.0,777.0)
:Sending Touch (ACTION_UP): 0:(116.19099,793.6582)
:Sending Touch (ACTION_DOWN): 0:(510.0,1714.0)
:Sending Touch (ACTION_UP): 0:(507.1234,1723.0868)
:Sending Touch (ACTION_DOWN): 0:(480.0,20.0)
:Sending Touch (ACTION_UP): 0:(468.92947,20.64148)
:Sending Touch (ACTION_DOWN): 0:(1072.0,111.0)
:Sending Touch (ACTION_UP): 0:(1071.5023,112.63862)
:Sending Touch (ACTION_DOWN): 0:(832.0,2006.0)
:Sending Touch (ACTION_UP): 0:(825.8259,2014.1261)
:Sending Touch (ACTION_DOWN): 0:(900.0,1396.0)
:Sending Touch (ACTION_UP): 0:(904.27655,1380.1178)
:Sending Touch (ACTION_DOWN): 0:(647.0,1053.0)
:Sending Touch (ACTION_UP): 0:(627.95544,1050.3745)
:Sending Touch (ACTION_DOWN): 0:(232.0,1734.0)
:Sending Touch (ACTION_UP): 0:(217.41254,1733.7526)
:Sending Touch (ACTION_DOWN): 0:(128.0,1899.0)
:Sending Touch (ACTION_UP): 0:(136.54068,1897.9176)
:Sending Touch (ACTION_DOWN): 0:(708.0,1078.0)
:Sending Touch (ACTION_UP): 0:(707.53644,1077.5425)
:Sending Touch (ACTION_DOWN): 0:(573.0,1847.0)
:Sending Touch (ACTION_UP): 0:(567.32947,1846.466)
:Sending Touch (ACTION_DOWN): 0:(547.0,1340.0)
:Sending Touch (ACTION_UP): 0:(530.3356,1331.8352)
:Sending Touch (ACTION_DOWN): 0:(271.0,1840.0)
:Sending Touch (ACTION_UP): 0:(257.90402,1818.7554)
:Sending Touch (ACTION_DOWN): 0:(361.0,1768.0)
:Sending Touch (ACTION_UP): 0:(362.46765,1757.763)
:Sending Touch (ACTION_DOWN): 0:(378.0,2085.0)
:Sending Touch (ACTION_UP): 0:(383.71243,2077.1199)
:Sending Touch (ACTION_DOWN): 0:(696.0,1166.0)
:Sending Touch (ACTION_UP): 0:(707.7562,1161.569)
:Sending Touch (ACTION_DOWN): 0:(804.0,2056.0)
:Sending Touch (ACTION_UP): 0:(800.81366,2067.474)
:Sending Touch (ACTION_DOWN): 0:(901.0,864.0)
:Sending Touch (ACTION_UP): 0:(903.2334,857.6493)
:Sending Touch (ACTION_DOWN): 0:(768.0,1152.0)
:Sending Touch (ACTION_UP): 0:(782.18463,1151.4916)
:Sending Touch (ACTION_DOWN): 0:(837.0,675.0)
:Sending Touch (ACTION_UP): 0:(838.3065,666.3697)
:Sending Touch (ACTION_DOWN): 0:(1001.0,74.0)
:Sending Touch (ACTION_UP): 0:(989.08026,53.964302)
:Sending Touch (ACTION_DOWN): 0:(464.0,2000.0)
:Sending Touch (ACTION_UP): 0:(461.3921,2011.6248)
:Sending Touch (ACTION_DOWN): 0:(407.0,415.0)
:Sending Touch (ACTION_UP): 0:(414.35306,413.6997)
:Sending Touch (ACTION_DOWN): 0:(954.0,447.0)
:Sending Touch (ACTION_UP): 0:(953.8277,445.39493)
:Sending Touch (ACTION_DOWN): 0:(1041.0,1376.0)
:Sending Touch (ACTION_UP): 0:(1041.0046,1388.0408)
:Sending Touch (ACTION_DOWN): 0:(51.0,501.0)
:Sending Touch (ACTION_UP): 0:(48.713367,492.98297)
    //[calendar_time:2025-10-17 01:50:43.608  system_uptime:32519672]
    // Sending event #200
    //[calendar_time:2025-10-17 01:50:43.659  system_uptime:32519723]
    // Sending event #200
:Sending Touch (ACTION_DOWN): 0:(787.0,1429.0)
:Sending Touch (ACTION_UP): 0:(771.5322,1427.9814)
:Sending Trackball (ACTION_MOVE): 0:(1.0,-1.0)
:Sending Touch (ACTION_DOWN): 0:(1039.0,619.0)
:Sending Touch (ACTION_UP): 0:(1040.5902,614.7956)
:Sending Trackball (ACTION_MOVE): 0:(3.0,-5.0)
:Sending Trackball (ACTION_UP): 0:(0.0,0.0)
:Sending Touch (ACTION_DOWN): 0:(999.0,261.0)
:Sending Touch (ACTION_UP): 0:(931.0972,286.7114)
:Sending Touch (ACTION_DOWN): 0:(497.0,177.0)
:Sending Touch (ACTION_UP): 0:(493.44125,173.79388)
:Sending Touch (ACTION_DOWN): 0:(309.0,2019.0)
:Sending Touch (ACTION_UP): 0:(311.59448,2019.923)
:Sending Touch (ACTION_DOWN): 0:(26.0,1239.0)
:Sending Touch (ACTION_UP): 0:(8.185068,1245.9794)
:Sending Touch (ACTION_DOWN): 0:(401.0,771.0)
:Sending Touch (ACTION_UP): 0:(408.47437,765.4331)
:Sending Touch (ACTION_DOWN): 0:(97.0,1595.0)
:Sending Touch (ACTION_UP): 0:(83.437096,1590.7687)
:Sending Touch (ACTION_DOWN): 0:(518.0,730.0)
:Sending Touch (ACTION_UP): 0:(521.1911,733.17096)
:Sending Touch (ACTION_DOWN): 0:(589.0,692.0)
:Sending Touch (ACTION_UP): 0:(586.25726,684.7023)
:Sending Touch (ACTION_DOWN): 0:(664.0,1874.0)
:Sending Touch (ACTION_UP): 0:(651.5245,1885.4401)
:Sending Touch (ACTION_DOWN): 0:(823.0,384.0)
:Sending Touch (ACTION_UP): 0:(817.1722,373.98718)
:Sending Touch (ACTION_DOWN): 0:(852.0,1852.0)
:Sending Touch (ACTION_UP): 0:(864.40295,1851.5873)
    // Rejecting start of Intent { act=android.intent.action.MAIN cat=[android.intent.category.LAUNCHER] cmp=com.android.chrome/com.google.android.apps.chrome.Main } in package com.android.chrome
:Sending Touch (ACTION_DOWN): 0:(610.0,971.0)
:Sending Touch (ACTION_UP): 0:(614.8032,965.727)
:Sending Touch (ACTION_DOWN): 0:(799.0,611.0)
:Sending Touch (ACTION_UP): 0:(794.5008,617.48395)
:Sending Touch (ACTION_DOWN): 0:(598.0,587.0)
:Sending Touch (ACTION_UP): 0:(600.81,602.69635)
:Sending Touch (ACTION_DOWN): 0:(477.0,52.0)
:Sending Touch (ACTION_UP): 0:(473.78333,58.567802)
:Sending Touch (ACTION_DOWN): 0:(1079.0,2127.0)
:Sending Touch (ACTION_UP): 0:(1072.4147,2129.525)
:Sending Touch (ACTION_DOWN): 0:(980.0,137.0)
:Sending Touch (ACTION_UP): 0:(978.80273,148.78325)
:Sending Touch (ACTION_DOWN): 0:(553.0,1844.0)
:Sending Touch (ACTION_UP): 0:(550.2453,1839.663)
:Sending Touch (ACTION_DOWN): 0:(19.0,940.0)
:Sending Touch (ACTION_UP): 0:(28.051819,958.0575)
:Sending Touch (ACTION_DOWN): 0:(212.0,652.0)
:Sending Touch (ACTION_UP): 0:(208.57748,659.5016)
:Sending Touch (ACTION_DOWN): 0:(188.0,1737.0)
:Sending Touch (ACTION_UP): 0:(186.79907,1737.3118)
:Sending Trackball (ACTION_MOVE): 0:(-1.0,4.0)
:Sending Touch (ACTION_DOWN): 0:(9.0,1864.0)
:Sending Touch (ACTION_UP): 0:(12.183889,1871.7233)
:Sending Touch (ACTION_DOWN): 0:(946.0,1911.0)
:Sending Touch (ACTION_UP): 0:(933.5411,1908.8582)
:Sending Touch (ACTION_DOWN): 0:(866.0,1185.0)
    //[calendar_time:2025-10-17 01:50:45.283  system_uptime:32521348]
    // Sending event #300
:Sending Touch (ACTION_UP): 0:(879.1554,1168.7683)
:Sending Touch (ACTION_DOWN): 0:(350.0,844.0)
:Sending Touch (ACTION_UP): 0:(349.88083,842.09424)
:Sending Trackball (ACTION_MOVE): 0:(-2.0,-4.0)
:Sending Trackball (ACTION_MOVE): 0:(-3.0,3.0)
:Sending Touch (ACTION_DOWN): 0:(843.0,536.0)
:Sending Touch (ACTION_UP): 0:(874.67773,594.4414)
:Sending Touch (ACTION_DOWN): 0:(612.0,929.0)
:Sending Touch (ACTION_UP): 0:(615.1962,930.2556)
:Sending Touch (ACTION_DOWN): 0:(428.0,136.0)
:Sending Touch (ACTION_UP): 0:(424.3008,132.26678)
:Sending Touch (ACTION_DOWN): 0:(9.0,840.0)
:Sending Touch (ACTION_UP): 0:(10.783178,839.7788)
:Sending Touch (ACTION_DOWN): 0:(982.0,1804.0)
:Sending Touch (ACTION_UP): 0:(982.4251,1804.6005)
:Sending Touch (ACTION_DOWN): 0:(1057.0,1969.0)
:Sending Touch (ACTION_UP): 0:(1051.3119,1950.9802)
:Sending Touch (ACTION_DOWN): 0:(933.0,1529.0)
:Sending Touch (ACTION_UP): 0:(945.66974,1531.2577)
:Sending Touch (ACTION_DOWN): 0:(260.0,1719.0)
:Sending Touch (ACTION_UP): 0:(267.91617,1702.5247)
:Sending Touch (ACTION_DOWN): 0:(779.0,175.0)
:Sending Touch (ACTION_UP): 0:(795.3622,170.5205)
:Sending Touch (ACTION_DOWN): 0:(992.0,885.0)
:Sending Touch (ACTION_UP): 0:(994.4099,877.7168)
:Sending Touch (ACTION_DOWN): 0:(995.0,886.0)
:Sending Touch (ACTION_UP): 0:(995.85846,881.25055)
:Sending Touch (ACTION_DOWN): 0:(77.0,1659.0)
:Sending Touch (ACTION_UP): 0:(77.25765,1657.9618)
:Sending Touch (ACTION_DOWN): 0:(1072.0,768.0)
:Sending Touch (ACTION_UP): 0:(1078.5278,769.885)
:Sending Trackball (ACTION_MOVE): 0:(3.0,-2.0)
:Sending Touch (ACTION_DOWN): 0:(963.0,3.0)
:Sending Touch (ACTION_UP): 0:(960.8155,4.8299265)
:Sending Touch (ACTION_DOWN): 0:(796.0,1701.0)
:Sending Touch (ACTION_UP): 0:(779.95715,1698.912)
:Sending Touch (ACTION_DOWN): 0:(257.0,1246.0)
:Sending Touch (ACTION_UP): 0:(225.31671,1144.1395)
:Sending Touch (ACTION_DOWN): 0:(1072.0,621.0)
:Sending Touch (ACTION_UP): 0:(1070.5675,630.4014)
:Sending Trackball (ACTION_MOVE): 0:(0.0,-5.0)
    //[calendar_time:2025-10-17 01:50:46.719  system_uptime:32522783]
    // Sending event #400
:Sending Trackball (ACTION_MOVE): 0:(1.0,4.0)
:Sending Touch (ACTION_DOWN): 0:(617.0,1399.0)
:Sending Touch (ACTION_UP): 0:(617.3712,1420.3969)
:Sending Touch (ACTION_DOWN): 0:(815.0,735.0)
:Sending Touch (ACTION_UP): 0:(821.6877,728.95575)
:Sending Touch (ACTION_DOWN): 0:(75.0,816.0)
:Sending Touch (ACTION_UP): 0:(71.99107,809.48193)
:Sending Touch (ACTION_DOWN): 0:(217.0,187.0)
:Sending Touch (ACTION_UP): 0:(222.20561,193.32133)
:Sending Touch (ACTION_DOWN): 0:(867.0,1707.0)
:Sending Touch (ACTION_UP): 0:(871.9472,1703.407)
:Sending Touch (ACTION_DOWN): 0:(334.0,348.0)
:Sending Touch (ACTION_UP): 0:(322.41678,347.01544)
:Sending Touch (ACTION_DOWN): 0:(964.0,1415.0)
:Sending Touch (ACTION_UP): 0:(970.77704,1415.5133)
:Sending Touch (ACTION_DOWN): 0:(760.0,1067.0)
:Sending Touch (ACTION_UP): 0:(764.92786,1058.5471)
:Sending Touch (ACTION_DOWN): 0:(117.0,1254.0)
:Sending Touch (ACTION_UP): 0:(102.78136,1252.4237)
:Sending Touch (ACTION_DOWN): 0:(703.0,427.0)
:Sending Touch (ACTION_UP): 0:(721.6139,424.65237)
:Sending Touch (ACTION_DOWN): 0:(424.0,188.0)
:Sending Touch (ACTION_UP): 0:(420.91458,189.54112)
:Sending Touch (ACTION_DOWN): 0:(792.0,2086.0)
:Sending Touch (ACTION_UP): 0:(791.9102,2069.9636)
:Sending Touch (ACTION_DOWN): 0:(568.0,1489.0)
:Sending Touch (ACTION_UP): 0:(572.9105,1472.4341)
:Sending Trackball (ACTION_MOVE): 0:(2.0,-2.0)
:Sending Trackball (ACTION_MOVE): 0:(1.0,2.0)
:Sending Touch (ACTION_DOWN): 0:(913.0,1563.0)
:Sending Touch (ACTION_UP): 0:(916.935,1569.8834)
    // Rejecting start of Intent { act=android.intent.action.MAIN cmp=com.google.android.inputmethod.latin/com.google.android.apps.inputmethod.latin.preference.SettingsActivity } in package com.google.android.inputmethod.latin
:Sending Touch (ACTION_DOWN): 0:(217.0,830.0)
:Sending Touch (ACTION_UP): 0:(210.89052,821.5593)
:Sending Touch (ACTION_DOWN): 0:(845.0,1631.0)
:Sending Touch (ACTION_UP): 0:(844.4434,1630.9252)
:Sending Touch (ACTION_DOWN): 0:(452.0,1931.0)
:Sending Touch (ACTION_UP): 0:(444.98404,1934.5267)
:Sending Touch (ACTION_DOWN): 0:(446.0,1047.0)
:Sending Touch (ACTION_UP): 0:(427.05643,1045.4543)
:Sending Touch (ACTION_DOWN): 0:(962.0,1696.0)
:Sending Touch (ACTION_UP): 0:(972.7699,1682.6597)
:Sending Touch (ACTION_DOWN): 0:(336.0,1786.0)
:Sending Touch (ACTION_UP): 0:(336.95963,1804.5591)
:Sending Touch (ACTION_DOWN): 0:(818.0,429.0)
:Sending Touch (ACTION_UP): 0:(803.4247,407.0395)
:Sending Touch (ACTION_DOWN): 0:(256.0,135.0)
:Sending Touch (ACTION_UP): 0:(240.24777,140.6093)
:Sending Touch (ACTION_DOWN): 0:(194.0,866.0)
    //[calendar_time:2025-10-17 01:50:48.293  system_uptime:32524357]
    // Sending event #500
:Sending Touch (ACTION_UP): 0:(194.67291,863.26215)
:Sending Touch (ACTION_DOWN): 0:(656.0,1193.0)
:Sending Touch (ACTION_UP): 0:(656.0007,1185.5195)
:Sending Touch (ACTION_DOWN): 0:(957.0,1583.0)
:Sending Touch (ACTION_UP): 0:(948.2886,1573.9596)
:Sending Touch (ACTION_DOWN): 0:(908.0,1847.0)
:Sending Touch (ACTION_UP): 0:(904.5577,1828.3293)
:Sending Touch (ACTION_DOWN): 0:(1016.0,1941.0)
:Sending Touch (ACTION_UP): 0:(1003.25385,1939.809)
:Sending Touch (ACTION_DOWN): 0:(276.0,373.0)
:Sending Touch (ACTION_UP): 0:(259.49908,370.57242)
:Sending Touch (ACTION_DOWN): 0:(432.0,1628.0)
:Sending Touch (ACTION_UP): 0:(425.02972,1632.1039)
:Sending Touch (ACTION_DOWN): 0:(873.0,1759.0)
:Sending Touch (ACTION_UP): 0:(887.6159,1772.6493)
:Sending Touch (ACTION_DOWN): 0:(236.0,942.0)
:Sending Touch (ACTION_UP): 0:(231.55644,941.473)
:Sending Touch (ACTION_DOWN): 0:(104.0,1282.0)
:Sending Touch (ACTION_UP): 0:(105.15994,1296.2034)
:Sending Touch (ACTION_DOWN): 0:(927.0,453.0)
:Sending Touch (ACTION_UP): 0:(918.6177,441.107)
:Sending Touch (ACTION_DOWN): 0:(996.0,993.0)
:Sending Touch (ACTION_UP): 0:(988.87213,987.97327)
:Sending Touch (ACTION_DOWN): 0:(317.0,1406.0)
:Sending Touch (ACTION_UP): 0:(321.0259,1397.6707)
:Sending Touch (ACTION_DOWN): 0:(535.0,1295.0)
:Sending Touch (ACTION_UP): 0:(538.02264,1285.8716)
:Sending Touch (ACTION_DOWN): 0:(934.0,1061.0)
:Sending Touch (ACTION_UP): 0:(932.9725,1059.3389)
:Sending Touch (ACTION_DOWN): 0:(1001.0,1385.0)
:Sending Touch (ACTION_UP): 0:(999.2935,1385.0051)
:Sending Trackball (ACTION_MOVE): 0:(4.0,3.0)
:Sending Trackball (ACTION_MOVE): 0:(4.0,0.0)
:Sending Touch (ACTION_DOWN): 0:(683.0,908.0)
:Sending Touch (ACTION_UP): 0:(701.124,913.8817)
:Sending Touch (ACTION_DOWN): 0:(1004.0,1097.0)
:Sending Touch (ACTION_UP): 0:(1004.38245,1094.3186)
:Sending Touch (ACTION_DOWN): 0:(987.0,1876.0)
:Sending Touch (ACTION_UP): 0:(992.66864,1876.0299)
:Sending Trackball (ACTION_MOVE): 0:(-3.0,3.0)
:Switch: #Intent;action=android.intent.action.MAIN;category=android.intent.category.LAUNCHER;launchFlags=0x10200000;component=org.telegram.messenger/.DefaultIcon;end
    // Allowing start of Intent { act=android.intent.action.MAIN cat=[android.intent.category.LAUNCHER] cmp=org.telegram.messenger/.DefaultIcon } in package org.telegram.messenger
:Sending Touch (ACTION_DOWN): 0:(956.0,650.0)
:Sending Touch (ACTION_UP): 0:(955.9972,659.30896)
:Sending Touch (ACTION_DOWN): 0:(771.0,760.0)
:Sending Touch (ACTION_UP): 0:(770.5683,752.2163)
:Sending Touch (ACTION_DOWN): 0:(939.0,94.0)
:Sending Touch (ACTION_UP): 0:(940.36426,88.04427)
:Sending Touch (ACTION_DOWN): 0:(748.0,592.0)
:Sending Touch (ACTION_UP): 0:(750.9387,573.1927)
:Sending Touch (ACTION_DOWN): 0:(282.0,1006.0)
:Sending Touch (ACTION_UP): 0:(283.31268,1007.4505)
:Sending Touch (ACTION_DOWN): 0:(175.0,1756.0)
:Sending Touch (ACTION_UP): 0:(164.49028,1754.9854)
:Sending Touch (ACTION_DOWN): 0:(501.0,1141.0)
:Sending Touch (ACTION_UP): 0:(505.12546,1148.1031)
:Sending Touch (ACTION_DOWN): 0:(941.0,928.0)
:Sending Touch (ACTION_UP): 0:(935.0611,928.1439)
:Sending Touch (ACTION_DOWN): 0:(16.0,1849.0)
:Sending Touch (ACTION_UP): 0:(14.8744755,1853.3423)
:Sending Touch (ACTION_DOWN): 0:(107.0,900.0)
:Sending Touch (ACTION_UP): 0:(118.29231,900.46735)
    //[calendar_time:2025-10-17 01:50:50.168  system_uptime:32526232]
    // Sending event #600
    //[calendar_time:2025-10-17 01:50:50.218  system_uptime:32526282]
    // Sending event #600
:Sending Touch (ACTION_DOWN): 0:(174.0,1482.0)
:Sending Touch (ACTION_UP): 0:(170.94482,1485.389)
:Sending Touch (ACTION_DOWN): 0:(132.0,67.0)
:Sending Touch (ACTION_UP): 0:(131.44601,69.46665)
:Sending Touch (ACTION_DOWN): 0:(1049.0,846.0)
:Sending Touch (ACTION_UP): 0:(1028.1451,849.2429)
:Sending Touch (ACTION_DOWN): 0:(246.0,1375.0)
:Sending Touch (ACTION_UP): 0:(235.57951,1381.6383)
:Sending Touch (ACTION_DOWN): 0:(365.0,680.0)
:Sending Touch (ACTION_UP): 0:(365.0148,685.93726)
:Sending Touch (ACTION_DOWN): 0:(120.0,2134.0)
:Sending Touch (ACTION_UP): 0:(114.24469,2137.8628)
:Sending Touch (ACTION_DOWN): 0:(364.0,973.0)
:Sending Touch (ACTION_UP): 0:(359.5079,978.2114)
:Sending Touch (ACTION_DOWN): 0:(829.0,233.0)
:Sending Touch (ACTION_UP): 0:(832.28546,230.75507)
:Sending Trackball (ACTION_MOVE): 0:(-2.0,-4.0)
:Sending Trackball (ACTION_UP): 0:(0.0,0.0)
:Sending Touch (ACTION_DOWN): 0:(583.0,58.0)
:Sending Touch (ACTION_UP): 0:(583.26013,61.2652)
:Sending Touch (ACTION_DOWN): 0:(807.0,1174.0)
:Sending Touch (ACTION_UP): 0:(806.3551,1170.991)
:Sending Touch (ACTION_DOWN): 0:(381.0,1253.0)
:Sending Touch (ACTION_UP): 0:(380.8299,1241.3118)
:Sending Touch (ACTION_DOWN): 0:(1040.0,1924.0)
:Sending Touch (ACTION_UP): 0:(1040.55,1923.5847)
:Sending Trackball (ACTION_MOVE): 0:(-1.0,-1.0)
:Sending Trackball (ACTION_UP): 0:(0.0,0.0)
:Sending Touch (ACTION_DOWN): 0:(841.0,935.0)
:Sending Touch (ACTION_UP): 0:(842.1003,939.5258)
:Sending Touch (ACTION_DOWN): 0:(979.0,2058.0)
:Sending Touch (ACTION_UP): 0:(988.8091,2040.7869)
:Sending Touch (ACTION_DOWN): 0:(961.0,1482.0)
:Sending Touch (ACTION_UP): 0:(970.3466,1482.3176)
:Sending Touch (ACTION_DOWN): 0:(106.0,1292.0)
:Sending Touch (ACTION_UP): 0:(102.39283,1309.8619)
:Sending Touch (ACTION_DOWN): 0:(498.0,1411.0)
:Sending Touch (ACTION_UP): 0:(498.41153,1420.7676)
:Sending Touch (ACTION_DOWN): 0:(94.0,648.0)
:Sending Touch (ACTION_UP): 0:(112.11709,661.9282)
:Sending Touch (ACTION_DOWN): 0:(655.0,356.0)
:Sending Touch (ACTION_UP): 0:(635.727,349.4555)
:Sending Touch (ACTION_DOWN): 0:(511.0,405.0)
:Sending Touch (ACTION_UP): 0:(511.8072,403.19357)
:Sending Touch (ACTION_DOWN): 0:(495.0,342.0)
:Sending Touch (ACTION_UP): 0:(483.7768,327.54254)
:Sending Touch (ACTION_DOWN): 0:(411.0,45.0)
:Sending Touch (ACTION_UP): 0:(410.82907,34.657642)
:Sending Touch (ACTION_DOWN): 0:(18.0,852.0)
:Sending Touch (ACTION_UP): 0:(20.968977,851.7786)
:Sending Touch (ACTION_DOWN): 0:(599.0,1425.0)
:Sending Touch (ACTION_UP): 0:(599.3779,1411.0731)
:Sending Touch (ACTION_DOWN): 0:(678.0,768.0)
:Sending Touch (ACTION_UP): 0:(681.73706,767.81714)
:Sending Touch (ACTION_DOWN): 0:(487.0,846.0)
:Sending Touch (ACTION_UP): 0:(485.63458,830.0274)
:Sending Touch (ACTION_DOWN): 0:(792.0,726.0)
:Sending Touch (ACTION_UP): 0:(790.62494,721.50934)
:Sending Touch (ACTION_DOWN): 0:(419.0,1757.0)
:Sending Touch (ACTION_UP): 0:(429.0714,1758.9336)
:Sending Touch (ACTION_DOWN): 0:(66.0,1950.0)
:Sending Touch (ACTION_UP): 0:(67.13547,1953.9896)
    //[calendar_time:2025-10-17 01:50:52.315  system_uptime:32528379]
    // Sending event #700
    //[calendar_time:2025-10-17 01:50:52.365  system_uptime:32528429]
    // Sending event #700
:Sending Touch (ACTION_DOWN): 0:(265.0,1242.0)
:Sending Touch (ACTION_UP): 0:(252.62505,1242.3522)
:Sending Touch (ACTION_DOWN): 0:(962.0,1837.0)
:Sending Touch (ACTION_UP): 0:(970.0533,1826.1809)
:Sending Touch (ACTION_DOWN): 0:(174.0,1308.0)
:Sending Touch (ACTION_UP): 0:(185.25066,1305.4839)
:Sending Touch (ACTION_DOWN): 0:(214.0,1568.0)
:Sending Touch (ACTION_UP): 0:(211.55875,1567.174)
:Sending Touch (ACTION_DOWN): 0:(221.0,859.0)
:Sending Touch (ACTION_UP): 0:(220.51456,854.22754)
:Sending Trackball (ACTION_MOVE): 0:(-2.0,-4.0)
:Sending Touch (ACTION_DOWN): 0:(111.0,1506.0)
:Sending Touch (ACTION_UP): 0:(103.48196,1505.5834)
:Sending Touch (ACTION_DOWN): 0:(328.0,659.0)
:Sending Touch (ACTION_UP): 0:(331.01035,659.5462)
:Sending Trackball (ACTION_MOVE): 0:(1.0,0.0)
:Sending Trackball (ACTION_MOVE): 0:(-2.0,4.0)
:Sending Trackball (ACTION_MOVE): 0:(3.0,-1.0)
:Sending Touch (ACTION_DOWN): 0:(213.0,557.0)
:Sending Touch (ACTION_UP): 0:(213.23224,552.8605)
:Sending Touch (ACTION_DOWN): 0:(363.0,1104.0)
:Sending Touch (ACTION_UP): 0:(352.93884,1118.5659)
:Sending Touch (ACTION_DOWN): 0:(282.0,1276.0)
:Sending Touch (ACTION_UP): 0:(281.54947,1277.7843)
:Sending Trackball (ACTION_MOVE): 0:(1.0,0.0)
:Sending Touch (ACTION_DOWN): 0:(395.0,1301.0)
:Sending Touch (ACTION_UP): 0:(401.28635,1287.743)
:Sending Touch (ACTION_DOWN): 0:(332.0,2123.0)
:Sending Touch (ACTION_UP): 0:(332.33752,2130.9722)
:Sending Touch (ACTION_DOWN): 0:(98.0,580.0)
:Sending Touch (ACTION_UP): 0:(98.28504,578.45026)
:Sending Touch (ACTION_DOWN): 0:(667.0,1232.0)
:Sending Touch (ACTION_UP): 0:(670.8173,1236.1289)
:Sending Touch (ACTION_DOWN): 0:(1004.0,1566.0)
:Sending Touch (ACTION_UP): 0:(1011.02563,1568.3342)
:Sending Touch (ACTION_DOWN): 0:(652.0,517.0)
:Sending Touch (ACTION_UP): 0:(652.5392,528.88434)
:Sending Touch (ACTION_DOWN): 0:(544.0,1725.0)
:Sending Touch (ACTION_UP): 0:(544.2573,1713.3401)
:Sending Touch (ACTION_DOWN): 0:(918.0,623.0)
:Sending Touch (ACTION_UP): 0:(920.18555,645.1117)
:Sending Touch (ACTION_DOWN): 0:(149.0,62.0)
:Sending Touch (ACTION_UP): 0:(150.35443,56.03118)
:Sending Touch (ACTION_DOWN): 0:(920.0,433.0)
:Sending Touch (ACTION_UP): 0:(923.535,427.96106)
:Sending Touch (ACTION_DOWN): 0:(1035.0,231.0)
:Sending Touch (ACTION_UP): 0:(1036.234,237.46179)
:Sending Touch (ACTION_DOWN): 0:(554.0,1480.0)
:Sending Touch (ACTION_UP): 0:(550.68054,1465.97)
Events injected: 800
:Sending rotation degree=0, persist=false
:Dropped: keys=0 pointers=0 trackballs=0 flips=0 rotations=0
## Network stats: elapsed time=14753ms (0ms mobile, 0ms wifi, 14753ms not connected)
// Monkey finished
