  bash arg: -p
  bash arg: org.telegram.messenger
  bash arg: --throttle
  bash arg: 50
  bash arg: --pct-syskeys
  bash arg: 0
  bash arg: --pct-nav
  bash arg: 10
  bash arg: --pct-touch
  bash arg: 70
  bash arg: -v
  bash arg: 800
args: [-p, org.telegram.messenger, --throttle, 50, --pct-syskeys, 0, --pct-nav, 10, --pct-touch, 70, -v, 800]
 arg: "-p"
 arg: "org.telegram.messenger"
 arg: "--throttle"
 arg: "50"
 arg: "--pct-syskeys"
 arg: "0"
 arg: "--pct-nav"
 arg: "10"
 arg: "--pct-touch"
 arg: "70"
 arg: "-v"
 arg: "800"
data="org.telegram.messenger"
arg="--throttle" mCurArgData="null" mNextArg=3 argwas="--throttle" nextarg="50"
data="50"
arg="--pct-syskeys" mCurArgData="null" mNextArg=5 argwas="--pct-syskeys" nextarg="0"
data="0"
arg="--pct-nav" mCurArgData="null" mNextArg=7 argwas="--pct-nav" nextarg="10"
data="10"
arg="--pct-touch" mCurArgData="null" mNextArg=9 argwas="--pct-touch" nextarg="70"
data="70"
:Monkey: seed=1760784733294 count=800
:AllowPackage: org.telegram.messenger
:IncludeCategory: android.intent.category.LAUNCHER
:IncludeCategory: android.intent.category.MONKEY
// Event percentages:
//   0: 70.0%
//   1: 3.448276%
//   2: 0.6896552%
//   3: 5.172414%
//   4: -0.0%
//   5: -0.0%
//   6: 10.0%
//   7: 5.172414%
//   8: -0.0%
//   9: 0.6896552%
//   10: 0.3448276%
//   11: 4.4827585%
:Switch: #Intent;action=android.intent.action.MAIN;category=android.intent.category.LAUNCHER;launchFlags=0x10200000;component=org.telegram.messenger/.DefaultIcon;end
    // Allowing start of Intent { act=android.intent.action.MAIN cat=[android.intent.category.LAUNCHER] cmp=org.telegram.messenger/.DefaultIcon } in package org.telegram.messenger
:Sending Touch (ACTION_DOWN): 0:(872.0,1224.0)
:Sending Touch (ACTION_UP): 0:(877.1099,1216.0342)
:Sending Touch (ACTION_DOWN): 0:(589.0,257.0)
:Sending Touch (ACTION_UP): 0:(582.5805,257.34607)
:Sending Touch (ACTION_DOWN): 0:(504.0,1709.0)
:Sending Touch (ACTION_UP): 0:(512.31366,1714.7842)
:Sending Touch (ACTION_DOWN): 0:(266.0,320.0)
:Sending Touch (ACTION_UP): 0:(263.09286,321.11395)
:Sending Touch (ACTION_DOWN): 0:(356.0,1403.0)
:Sending Touch (ACTION_UP): 0:(362.11395,1400.1697)
:Sending Touch (ACTION_DOWN): 0:(564.0,2.0)
:Sending Touch (ACTION_UP): 0:(563.4393,0.0)
:Sending Touch (ACTION_DOWN): 0:(141.0,1065.0)
:Sending Touch (ACTION_UP): 0:(131.11548,1068.3062)
:Sending Touch (ACTION_DOWN): 0:(925.0,1215.0)
:Sending Touch (ACTION_UP): 0:(924.35834,1217.74)
:Sending Touch (ACTION_DOWN): 0:(592.0,1519.0)
:Sending Touch (ACTION_UP): 0:(592.45233,1517.8334)
:Sending Touch (ACTION_DOWN): 0:(186.0,667.0)
:Sending Touch (ACTION_UP): 0:(181.02701,665.08215)
:Sending Touch (ACTION_DOWN): 0:(723.0,995.0)
:Sending Touch (ACTION_UP): 0:(728.1609,991.5506)
:Sending Touch (ACTION_DOWN): 0:(634.0,853.0)
:Sending Touch (ACTION_UP): 0:(631.3463,853.92004)
:Sending Touch (ACTION_DOWN): 0:(501.0,223.0)
:Sending Touch (ACTION_UP): 0:(509.6093,227.3821)
:Sending Touch (ACTION_DOWN): 0:(277.0,1797.0)
:Sending Touch (ACTION_UP): 0:(273.60132,1802.8662)
:Sending Touch (ACTION_DOWN): 0:(816.0,1268.0)
:Sending Touch (ACTION_UP): 0:(808.8119,1267.7147)
:Sending Touch (ACTION_DOWN): 0:(590.0,1319.0)
:Sending Touch (ACTION_UP): 0:(591.9794,1330.2805)
:Sending Touch (ACTION_DOWN): 0:(410.0,1853.0)
:Sending Touch (ACTION_UP): 0:(420.83408,1854.7723)
:Sending Touch (ACTION_DOWN): 0:(730.0,1985.0)
:Sending Touch (ACTION_UP): 0:(752.4792,1980.6486)
:Sending Touch (ACTION_DOWN): 0:(142.0,1527.0)
:Sending Touch (ACTION_UP): 0:(143.21422,1543.8344)
:Sending Touch (ACTION_DOWN): 0:(613.0,739.0)
:Sending Touch (ACTION_UP): 0:(606.93396,749.7697)
:Sending Touch (ACTION_DOWN): 0:(454.0,1156.0)
:Sending Touch (ACTION_UP): 0:(454.01144,1160.1791)
:Sending Touch (ACTION_DOWN): 0:(884.0,354.0)
:Sending Touch (ACTION_UP): 0:(883.8948,348.87527)
:Sending Trackball (ACTION_MOVE): 0:(-5.0,-4.0)
:Sending Touch (ACTION_DOWN): 0:(562.0,526.0)
:Sending Touch (ACTION_UP): 0:(562.8442,517.40393)
:Sending Touch (ACTION_DOWN): 0:(298.0,1601.0)
:Sending Touch (ACTION_UP): 0:(298.6985,1600.705)
:Sending Touch (ACTION_DOWN): 0:(304.0,263.0)
:Sending Touch (ACTION_UP): 0:(301.5155,262.62646)
:Sending Touch (ACTION_DOWN): 0:(271.0,320.0)
:Sending Touch (ACTION_UP): 0:(267.45016,320.788)
:Sending Touch (ACTION_DOWN): 0:(983.0,701.0)
:Sending Touch (ACTION_UP): 0:(1001.2663,705.8654)
:Sending Touch (ACTION_DOWN): 0:(869.0,1626.0)
:Sending Touch (ACTION_UP): 0:(880.74475,1628.2161)
:Sending Touch (ACTION_DOWN): 0:(780.0,951.0)
:Sending Touch (ACTION_UP): 0:(756.0271,905.3595)
:Sending Touch (ACTION_DOWN): 0:(408.0,1946.0)
:Sending Touch (ACTION_UP): 0:(409.92432,1947.0684)
:Sending Touch (ACTION_DOWN): 0:(678.0,2028.0)
:Sending Touch (ACTION_UP): 0:(669.1001,2031.1526)
:Sending Touch (ACTION_DOWN): 0:(836.0,1559.0)
:Sending Touch (ACTION_UP): 0:(830.24664,1559.3726)
:Sending Touch (ACTION_DOWN): 0:(563.0,163.0)
:Sending Touch (ACTION_UP): 0:(560.36786,164.18661)
:Sending Touch (ACTION_DOWN): 0:(163.0,1775.0)
:Sending Touch (ACTION_UP): 0:(158.25381,1774.3204)
:Sending Touch (ACTION_DOWN): 0:(505.0,226.0)
:Sending Touch (ACTION_UP): 0:(508.19147,236.43666)
:Sending Touch (ACTION_DOWN): 0:(507.0,2104.0)
    //[calendar_time:2025-10-17 01:51:08.371  system_uptime:32544441]
    // Sending event #100
:Sending Touch (ACTION_UP): 0:(510.481,2106.4434)
    // Rejecting start of Intent { act=android.intent.action.CHOOSER cmp=android/com.android.internal.app.ChooserActivity } in package android
:Sending Touch (ACTION_DOWN): 0:(363.0,1416.0)
:Sending Touch (ACTION_UP): 0:(348.57706,1417.1279)
:Sending Touch (ACTION_DOWN): 0:(512.0,1545.0)
:Sending Touch (ACTION_UP): 0:(528.00037,1530.9149)
:Sending Touch (ACTION_DOWN): 0:(598.0,1331.0)
:Sending Touch (ACTION_UP): 0:(594.1632,1331.8984)
:Sending Touch (ACTION_DOWN): 0:(949.0,1428.0)
:Sending Touch (ACTION_UP): 0:(960.55054,1441.3441)
:Sending Touch (ACTION_DOWN): 0:(1037.0,291.0)
:Sending Touch (ACTION_UP): 0:(1049.459,282.9981)
:Sending Touch (ACTION_DOWN): 0:(676.0,588.0)
:Sending Touch (ACTION_UP): 0:(672.7764,582.98114)
:Sending Trackball (ACTION_MOVE): 0:(-4.0,-4.0)
:Sending Touch (ACTION_DOWN): 0:(662.0,1410.0)
:Sending Touch (ACTION_UP): 0:(667.3373,1414.5298)
:Sending Touch (ACTION_DOWN): 0:(809.0,178.0)
:Sending Touch (ACTION_UP): 0:(808.6222,167.59308)
:Sending Touch (ACTION_DOWN): 0:(213.0,1619.0)
:Sending Touch (ACTION_UP): 0:(222.50479,1621.3859)
:Sending Touch (ACTION_DOWN): 0:(603.0,1482.0)
:Sending Touch (ACTION_UP): 0:(583.0025,1481.03)
:Sending Touch (ACTION_DOWN): 0:(687.0,572.0)
:Sending Touch (ACTION_UP): 0:(682.57654,586.55615)
:Sending Touch (ACTION_DOWN): 0:(113.0,696.0)
:Sending Touch (ACTION_UP): 0:(112.83004,698.56665)
:Sending Touch (ACTION_DOWN): 0:(83.0,1689.0)
:Sending Touch (ACTION_UP): 0:(93.11573,1705.191)
:Sending Touch (ACTION_DOWN): 0:(391.0,707.0)
:Sending Touch (ACTION_UP): 0:(425.50424,660.4737)
:Sending Touch (ACTION_DOWN): 0:(187.0,1411.0)
:Sending Touch (ACTION_UP): 0:(220.6707,1399.8254)
:Sending Touch (ACTION_DOWN): 0:(459.0,1456.0)
:Sending Touch (ACTION_UP): 0:(474.45532,1462.1039)
:Sending Touch (ACTION_DOWN): 0:(597.0,597.0)
:Sending Touch (ACTION_UP): 0:(602.0227,600.5879)
:Sending Touch (ACTION_DOWN): 0:(1069.0,1245.0)
:Sending Touch (ACTION_UP): 0:(1073.6351,1250.9736)
:Sending Touch (ACTION_DOWN): 0:(1032.0,568.0)
:Sending Touch (ACTION_UP): 0:(1034.3727,574.681)
:Sending Touch (ACTION_DOWN): 0:(661.0,1289.0)
:Sending Touch (ACTION_UP): 0:(663.6269,1286.8157)
:Sending Touch (ACTION_DOWN): 0:(84.0,303.0)
:Sending Touch (ACTION_UP): 0:(79.71289,291.1287)
:Sending Touch (ACTION_DOWN): 0:(868.0,2041.0)
:Sending Touch (ACTION_UP): 0:(868.4888,2035.773)
:Sending Touch (ACTION_DOWN): 0:(980.0,803.0)
:Sending Touch (ACTION_UP): 0:(984.54987,808.631)
:Sending Touch (ACTION_DOWN): 0:(348.0,590.0)
:Sending Touch (ACTION_UP): 0:(341.29117,574.8012)
:Sending Trackball (ACTION_MOVE): 0:(1.0,-1.0)
:Sending Touch (ACTION_DOWN): 0:(878.0,690.0)
:Sending Touch (ACTION_UP): 0:(895.6666,697.7272)
:Sending Touch (ACTION_DOWN): 0:(231.0,1953.0)
:Sending Touch (ACTION_UP): 0:(237.03448,1950.4885)
:Sending Touch (ACTION_DOWN): 0:(578.0,399.0)
:Sending Touch (ACTION_UP): 0:(572.04694,406.79016)
:Sending Touch (ACTION_DOWN): 0:(548.0,1997.0)
:Sending Touch (ACTION_UP): 0:(553.6466,1975.6708)
:Sending Touch (ACTION_DOWN): 0:(168.0,1213.0)
    //[calendar_time:2025-10-17 01:51:10.067  system_uptime:32546131]
    // Sending event #200
:Sending Touch (ACTION_UP): 0:(228.30424,1274.5685)
:Sending Touch (ACTION_DOWN): 0:(427.0,2000.0)
:Sending Touch (ACTION_UP): 0:(437.65085,2001.4369)
:Sending Touch (ACTION_DOWN): 0:(719.0,2053.0)
:Sending Touch (ACTION_UP): 0:(720.6168,2050.889)
:Sending Touch (ACTION_DOWN): 0:(902.0,1206.0)
:Sending Touch (ACTION_UP): 0:(902.2392,1206.3851)
:Sending Touch (ACTION_DOWN): 0:(458.0,238.0)
:Sending Touch (ACTION_UP): 0:(436.56497,256.72595)
:Sending Touch (ACTION_DOWN): 0:(500.0,628.0)
:Sending Touch (ACTION_UP): 0:(508.21863,613.5076)
:Sending Touch (ACTION_DOWN): 0:(753.0,131.0)
:Sending Touch (ACTION_UP): 0:(752.77,134.66432)
:Sending Touch (ACTION_DOWN): 0:(1044.0,1707.0)
:Sending Touch (ACTION_UP): 0:(1037.9868,1714.2072)
:Sending Touch (ACTION_DOWN): 0:(907.0,146.0)
:Sending Touch (ACTION_UP): 0:(893.8064,145.68906)
:Sending Touch (ACTION_DOWN): 0:(493.0,414.0)
:Sending Touch (ACTION_UP): 0:(489.51428,422.5025)
    // Allowing start of Intent { act=voip cmp=org.telegram.messenger/org.telegram.ui.LaunchActivity } in package org.telegram.messenger
:Sending Touch (ACTION_DOWN): 0:(334.0,443.0)
:Sending Touch (ACTION_UP): 0:(324.60245,440.5327)
:Sending Touch (ACTION_DOWN): 0:(726.0,1018.0)
:Sending Touch (ACTION_UP): 0:(719.3021,1032.7545)
:Sending Touch (ACTION_DOWN): 0:(865.0,302.0)
:Sending Touch (ACTION_UP): 0:(847.22156,304.05142)
:Sending Touch (ACTION_DOWN): 0:(719.0,304.0)
:Sending Touch (ACTION_UP): 0:(723.5681,303.4768)
:Sending Touch (ACTION_DOWN): 0:(912.0,1570.0)
:Sending Touch (ACTION_UP): 0:(903.8954,1588.0835)
:Sending Trackball (ACTION_MOVE): 0:(3.0,4.0)
:Sending Touch (ACTION_DOWN): 0:(143.0,729.0)
:Sending Touch (ACTION_UP): 0:(142.77853,719.5064)
:Sending Touch (ACTION_DOWN): 0:(822.0,116.0)
:Sending Touch (ACTION_UP): 0:(821.3863,112.89578)
:Sending Touch (ACTION_DOWN): 0:(550.0,1775.0)
:Sending Touch (ACTION_UP): 0:(555.0458,1769.2303)
:Sending Touch (ACTION_DOWN): 0:(471.0,1789.0)
:Sending Touch (ACTION_UP): 0:(476.9647,1777.2765)
:Sending Touch (ACTION_DOWN): 0:(604.0,408.0)
:Sending Touch (ACTION_UP): 0:(610.84827,404.5045)
:Sending Touch (ACTION_DOWN): 0:(541.0,152.0)
:Sending Touch (ACTION_UP): 0:(552.85706,158.65521)
:Sending Touch (ACTION_DOWN): 0:(811.0,308.0)
:Sending Touch (ACTION_UP): 0:(873.9661,338.47574)
:Sending Touch (ACTION_DOWN): 0:(935.0,237.0)
:Sending Touch (ACTION_UP): 0:(934.56323,248.03049)
:Sending Touch (ACTION_DOWN): 0:(1038.0,196.0)
:Sending Touch (ACTION_UP): 0:(1020.3889,193.00017)
:Sending Touch (ACTION_DOWN): 0:(623.0,520.0)
:Sending Touch (ACTION_UP): 0:(626.55023,514.27905)
:Sending Touch (ACTION_DOWN): 0:(64.0,1925.0)
:Sending Touch (ACTION_UP): 0:(72.75296,1939.5354)
:Sending Touch (ACTION_DOWN): 0:(269.0,1243.0)
:Sending Touch (ACTION_UP): 0:(280.11633,1250.7521)
:Sending Touch (ACTION_DOWN): 0:(1006.0,1676.0)
:Sending Touch (ACTION_UP): 0:(1001.0574,1677.4653)
:Sending Touch (ACTION_DOWN): 0:(717.0,631.0)
:Sending Touch (ACTION_UP): 0:(717.2924,634.8756)
:Sending Touch (ACTION_DOWN): 0:(16.0,815.0)
:Sending Touch (ACTION_UP): 0:(20.22683,804.4908)
:Sending Touch (ACTION_DOWN): 0:(482.0,466.0)
:Sending Touch (ACTION_UP): 0:(469.62494,476.2426)
:Sending Touch (ACTION_DOWN): 0:(427.0,458.0)
:Sending Touch (ACTION_UP): 0:(427.1074,448.2612)
    //[calendar_time:2025-10-17 01:51:12.246  system_uptime:32548310]
    // Sending event #300
    //[calendar_time:2025-10-17 01:51:12.297  system_uptime:32548361]
    // Sending event #300
:Sending Touch (ACTION_DOWN): 0:(43.0,217.0)
:Sending Touch (ACTION_UP): 0:(45.2961,238.80135)
:Sending Touch (ACTION_DOWN): 0:(854.0,1583.0)
:Sending Touch (ACTION_UP): 0:(850.4047,1591.0112)
:Sending Touch (ACTION_DOWN): 0:(1.0,1456.0)
:Sending Touch (ACTION_UP): 0:(1.0278692,1475.0673)
:Sending Touch (ACTION_DOWN): 0:(1037.0,1791.0)
:Sending Touch (ACTION_UP): 0:(1043.794,1787.918)
:Sending Touch (ACTION_DOWN): 0:(45.0,925.0)
:Sending Touch (ACTION_UP): 0:(0.0,902.7705)
:Sending Touch (ACTION_DOWN): 0:(867.0,1767.0)
:Sending Touch (ACTION_UP): 0:(860.044,1768.3251)
:Sending Touch (ACTION_DOWN): 0:(488.0,1783.0)
:Sending Touch (ACTION_UP): 0:(487.1992,1781.1028)
:Sending Touch (ACTION_DOWN): 0:(968.0,577.0)
:Sending Touch (ACTION_UP): 0:(967.5723,596.0692)
:Sending Trackball (ACTION_MOVE): 0:(-4.0,-4.0)
:Sending Touch (ACTION_DOWN): 0:(411.0,987.0)
:Sending Touch (ACTION_UP): 0:(412.07922,991.08844)
:Sending Touch (ACTION_DOWN): 0:(48.0,1592.0)
:Sending Touch (ACTION_UP): 0:(49.022045,1580.5376)
:Sending Trackball (ACTION_MOVE): 0:(4.0,3.0)
:Sending Touch (ACTION_DOWN): 0:(883.0,2079.0)
:Sending Touch (ACTION_UP): 0:(868.85315,2078.499)
:Sending Touch (ACTION_DOWN): 0:(45.0,1649.0)
:Sending Touch (ACTION_UP): 0:(32.722893,1657.8788)
:Sending Touch (ACTION_DOWN): 0:(62.0,583.0)
:Sending Touch (ACTION_UP): 0:(64.95471,570.0653)
:Sending Touch (ACTION_DOWN): 0:(531.0,955.0)
:Sending Touch (ACTION_UP): 0:(534.8463,965.89606)
:Sending Touch (ACTION_DOWN): 0:(146.0,99.0)
:Sending Touch (ACTION_UP): 0:(144.0798,98.52711)
:Sending Touch (ACTION_DOWN): 0:(295.0,1354.0)
:Sending Touch (ACTION_UP): 0:(287.63428,1353.3588)
:Sending Touch (ACTION_DOWN): 0:(402.0,1481.0)
:Sending Touch (ACTION_UP): 0:(400.4849,1472.5645)
:Sending Trackball (ACTION_MOVE): 0:(-4.0,-5.0)
:Sending Touch (ACTION_DOWN): 0:(141.0,70.0)
:Sending Touch (ACTION_UP): 0:(129.90416,51.620323)
:Switch: #Intent;action=android.intent.action.MAIN;category=android.intent.category.LAUNCHER;launchFlags=0x10200000;component=org.telegram.messenger/.DefaultIcon;end
    // Allowing start of Intent { act=android.intent.action.MAIN cat=[android.intent.category.LAUNCHER] cmp=org.telegram.messenger/.DefaultIcon } in package org.telegram.messenger
:Sending Touch (ACTION_DOWN): 0:(332.0,1954.0)
:Sending Touch (ACTION_UP): 0:(338.94916,1954.2118)
:Sending Touch (ACTION_DOWN): 0:(546.0,398.0)
:Sending Touch (ACTION_UP): 0:(546.2187,390.18393)
:Sending Touch (ACTION_DOWN): 0:(487.0,1877.0)
:Sending Touch (ACTION_UP): 0:(456.6121,1830.5608)
:Sending Touch (ACTION_DOWN): 0:(881.0,519.0)
:Sending Touch (ACTION_UP): 0:(875.61285,510.25385)
:Sending Touch (ACTION_DOWN): 0:(545.0,804.0)
    //[calendar_time:2025-10-17 01:51:13.779  system_uptime:32549843]
    // Sending event #400
:Sending Touch (ACTION_UP): 0:(533.841,815.68134)
:Sending Touch (ACTION_DOWN): 0:(724.0,123.0)
:Sending Touch (ACTION_UP): 0:(728.0329,126.83856)
:Sending Touch (ACTION_DOWN): 0:(309.0,2091.0)
:Sending Touch (ACTION_UP): 0:(316.80563,2097.4312)
:Switch: #Intent;action=android.intent.action.MAIN;category=android.intent.category.LAUNCHER;launchFlags=0x10200000;component=org.telegram.messenger/.DefaultIcon;end
    // Allowing start of Intent { act=android.intent.action.MAIN cat=[android.intent.category.LAUNCHER] cmp=org.telegram.messenger/.DefaultIcon } in package org.telegram.messenger
:Sending Touch (ACTION_DOWN): 0:(190.0,1037.0)
:Sending Touch (ACTION_UP): 0:(168.27971,1043.2212)
:Sending Touch (ACTION_DOWN): 0:(544.0,89.0)
:Sending Touch (ACTION_UP): 0:(542.7973,96.930244)
:Sending Touch (ACTION_DOWN): 0:(638.0,30.0)
:Sending Touch (ACTION_UP): 0:(638.14984,43.731277)
:Sending Touch (ACTION_DOWN): 0:(258.0,153.0)
:Sending Touch (ACTION_UP): 0:(234.40779,158.36731)
:Sending Touch (ACTION_DOWN): 0:(737.0,1833.0)
:Sending Touch (ACTION_UP): 0:(752.0102,1832.2207)
:Sending Touch (ACTION_DOWN): 0:(40.0,1869.0)
:Sending Touch (ACTION_UP): 0:(33.42177,1881.3208)
:Sending Touch (ACTION_DOWN): 0:(522.0,618.0)
:Sending Touch (ACTION_UP): 0:(511.6228,613.3202)
:Sending Touch (ACTION_DOWN): 0:(826.0,198.0)
:Sending Touch (ACTION_UP): 0:(817.5862,201.09981)
:Sending Touch (ACTION_DOWN): 0:(144.0,1103.0)
:Sending Touch (ACTION_UP): 0:(153.04153,1118.8389)
:Sending Touch (ACTION_DOWN): 0:(420.0,1162.0)
:Sending Touch (ACTION_UP): 0:(437.9716,1151.4637)
:Sending Touch (ACTION_DOWN): 0:(196.0,1375.0)
:Sending Touch (ACTION_UP): 0:(202.35458,1369.7295)
:Sending Touch (ACTION_DOWN): 0:(516.0,1343.0)
:Sending Touch (ACTION_UP): 0:(508.02106,1337.5386)
:Sending Touch (ACTION_DOWN): 0:(566.0,1147.0)
:Sending Touch (ACTION_UP): 0:(581.6895,1160.8942)
:Sending Touch (ACTION_DOWN): 0:(865.0,1854.0)
:Sending Touch (ACTION_UP): 0:(864.6167,1843.8309)
:Sending Touch (ACTION_DOWN): 0:(508.0,1067.0)
:Sending Touch (ACTION_UP): 0:(502.13852,1070.812)
:Sending Touch (ACTION_DOWN): 0:(1054.0,492.0)
:Sending Touch (ACTION_UP): 0:(1060.9966,502.8099)
:Sending Touch (ACTION_DOWN): 0:(353.0,1175.0)
:Sending Touch (ACTION_UP): 0:(347.57608,1183.1392)
:Sending Touch (ACTION_DOWN): 0:(50.0,1009.0)
:Sending Touch (ACTION_UP): 0:(49.799156,993.57947)
:Sending Touch (ACTION_DOWN): 0:(786.0,1646.0)
:Sending Touch (ACTION_UP): 0:(786.9046,1647.1775)
:Sending Touch (ACTION_DOWN): 0:(243.0,837.0)
:Sending Touch (ACTION_UP): 0:(249.76158,839.69403)
:Sending Touch (ACTION_DOWN): 0:(1059.0,375.0)
:Sending Touch (ACTION_UP): 0:(1047.0111,378.7975)
:Sending Touch (ACTION_DOWN): 0:(495.0,1232.0)
:Sending Touch (ACTION_UP): 0:(464.71472,1286.0697)
:Sending Touch (ACTION_DOWN): 0:(120.0,688.0)
:Sending Touch (ACTION_UP): 0:(115.37584,682.5518)
:Sending Touch (ACTION_DOWN): 0:(884.0,1146.0)
:Sending Touch (ACTION_UP): 0:(883.59607,1165.1599)
:Sending Touch (ACTION_DOWN): 0:(522.0,191.0)
:Sending Touch (ACTION_UP): 0:(523.4513,191.44861)
:Sending Touch (ACTION_DOWN): 0:(864.0,947.0)
:Sending Touch (ACTION_UP): 0:(852.1478,967.2236)
:Sending Touch (ACTION_DOWN): 0:(171.0,26.0)
:Sending Touch (ACTION_UP): 0:(172.02602,0.0)
:Sending Touch (ACTION_DOWN): 0:(231.0,928.0)
:Sending Touch (ACTION_UP): 0:(214.5268,975.6028)
:Sending Touch (ACTION_DOWN): 0:(299.0,1034.0)
    //[calendar_time:2025-10-17 01:51:15.961  system_uptime:32552025]
    // Sending event #500
:Sending Touch (ACTION_UP): 0:(299.75516,1030.717)
:Sending Touch (ACTION_DOWN): 0:(517.0,255.0)
:Sending Touch (ACTION_UP): 0:(506.46634,254.51988)
:Sending Touch (ACTION_DOWN): 0:(188.0,87.0)
:Sending Touch (ACTION_UP): 0:(187.77045,98.352585)
:Sending Touch (ACTION_DOWN): 0:(880.0,1809.0)
:Sending Touch (ACTION_UP): 0:(882.4403,1798.26)
:Sending Touch (ACTION_DOWN): 0:(1079.0,1890.0)
:Sending Touch (ACTION_UP): 0:(1064.8225,1878.8098)
:Sending Touch (ACTION_DOWN): 0:(117.0,1320.0)
:Sending Touch (ACTION_UP): 0:(120.06041,1328.9194)
:Sending Touch (ACTION_DOWN): 0:(720.0,1049.0)
:Sending Touch (ACTION_UP): 0:(722.1555,1057.8914)
:Sending Touch (ACTION_DOWN): 0:(859.0,162.0)
:Sending Touch (ACTION_UP): 0:(847.1053,163.64627)
:Sending Touch (ACTION_DOWN): 0:(619.0,1932.0)
:Sending Touch (ACTION_UP): 0:(611.6607,1925.5645)
:Sending Touch (ACTION_DOWN): 0:(208.0,1081.0)
:Sending Touch (ACTION_UP): 0:(199.46364,1080.9161)
:Sending Touch (ACTION_DOWN): 0:(237.0,1340.0)
:Sending Touch (ACTION_UP): 0:(234.58533,1334.4321)
:Sending Touch (ACTION_DOWN): 0:(39.0,109.0)
:Sending Touch (ACTION_UP): 0:(46.228195,98.5406)
:Sending Touch (ACTION_DOWN): 0:(914.0,1926.0)
:Sending Touch (ACTION_UP): 0:(911.59143,1939.4395)
:Sending Touch (ACTION_DOWN): 0:(50.0,1288.0)
:Sending Touch (ACTION_UP): 0:(55.58447,1288.8574)
:Sending Touch (ACTION_DOWN): 0:(1023.0,97.0)
:Sending Touch (ACTION_UP): 0:(1025.6759,103.43492)
:Sending Touch (ACTION_DOWN): 0:(578.0,1504.0)
:Sending Touch (ACTION_UP): 0:(559.2631,1510.7905)
:Sending Touch (ACTION_DOWN): 0:(490.0,1604.0)
:Sending Touch (ACTION_UP): 0:(473.19745,1614.4967)
:Sending Touch (ACTION_DOWN): 0:(636.0,520.0)
:Sending Touch (ACTION_UP): 0:(636.5373,519.2725)
:Sending Touch (ACTION_DOWN): 0:(876.0,897.0)
:Sending Touch (ACTION_UP): 0:(877.4531,883.1613)
:Sending Touch (ACTION_DOWN): 0:(235.0,1974.0)
:Sending Touch (ACTION_UP): 0:(214.69283,1986.4727)
:Sending Touch (ACTION_DOWN): 0:(514.0,1469.0)
:Sending Touch (ACTION_UP): 0:(504.22397,1458.3448)
:Sending Touch (ACTION_DOWN): 0:(104.0,2024.0)
:Sending Touch (ACTION_UP): 0:(108.34307,2004.2698)
:Sending Trackball (ACTION_MOVE): 0:(-1.0,-5.0)
:Sending Trackball (ACTION_MOVE): 0:(2.0,-1.0)
:Sending Touch (ACTION_DOWN): 0:(125.0,880.0)
:Sending Touch (ACTION_UP): 0:(124.801605,883.6343)
:Sending Touch (ACTION_DOWN): 0:(486.0,376.0)
:Sending Touch (ACTION_UP): 0:(485.51904,375.57697)
:Sending Touch (ACTION_DOWN): 0:(309.0,1871.0)
:Sending Touch (ACTION_UP): 0:(308.68356,1871.8578)
:Sending Touch (ACTION_DOWN): 0:(384.0,2106.0)
:Sending Touch (ACTION_UP): 0:(378.30896,2106.437)
:Sending Touch (ACTION_DOWN): 0:(954.0,1368.0)
:Sending Touch (ACTION_UP): 0:(948.21155,1353.9723)
    // Rejecting start of Intent { act=android.intent.action.CHOOSER cmp=android/com.android.internal.app.ChooserActivity } in package android
:Sending Touch (ACTION_DOWN): 0:(464.0,1546.0)
:Sending Touch (ACTION_UP): 0:(475.80362,1535.795)
:Sending Touch (ACTION_DOWN): 0:(490.0,1589.0)
:Sending Touch (ACTION_UP): 0:(482.6156,1590.305)
:Sending Touch (ACTION_DOWN): 0:(745.0,1349.0)
:Sending Touch (ACTION_UP): 0:(742.62775,1355.8029)
:Sending Touch (ACTION_DOWN): 0:(61.0,1128.0)
    //[calendar_time:2025-10-17 01:51:18.104  system_uptime:32554168]
    // Sending event #600
:Sending Touch (ACTION_UP): 0:(0.0,1092.6403)
:Sending Touch (ACTION_DOWN): 0:(997.0,107.0)
:Sending Touch (ACTION_UP): 0:(994.97675,121.12952)
:Sending Touch (ACTION_DOWN): 0:(936.0,1815.0)
:Sending Touch (ACTION_UP): 0:(938.69104,1812.4376)
:Sending Touch (ACTION_DOWN): 0:(9.0,807.0)
:Sending Touch (ACTION_UP): 0:(0.0,802.9362)
:Sending Trackball (ACTION_MOVE): 0:(-3.0,0.0)
:Sending Touch (ACTION_DOWN): 0:(722.0,327.0)
:Sending Touch (ACTION_UP): 0:(716.76935,330.40787)
    // Rejecting start of Intent { act=android.content.pm.action.CONFIRM_PIN_SHORTCUT cmp=com.google.android.apps.nexuslauncher/com.android.launcher3.dragndrop.AddItemActivity } in package com.google.android.apps.nexuslauncher
:Sending Touch (ACTION_DOWN): 0:(882.0,1465.0)
:Sending Touch (ACTION_UP): 0:(892.93317,1465.7966)
:Sending Touch (ACTION_DOWN): 0:(182.0,943.0)
:Sending Touch (ACTION_UP): 0:(188.74684,951.8275)
:Sending Touch (ACTION_DOWN): 0:(818.0,227.0)
:Sending Touch (ACTION_UP): 0:(822.79333,225.24936)
:Sending Touch (ACTION_DOWN): 0:(728.0,781.0)
:Sending Touch (ACTION_UP): 0:(736.34467,777.5751)
:Sending Touch (ACTION_DOWN): 0:(468.0,1291.0)
:Sending Touch (ACTION_UP): 0:(486.09842,1294.2479)
:Sending Touch (ACTION_DOWN): 0:(59.0,1174.0)
:Sending Touch (ACTION_UP): 0:(26.310854,1218.7417)
:Sending Touch (ACTION_DOWN): 0:(200.0,1396.0)
:Sending Touch (ACTION_UP): 0:(210.05795,1381.5125)
:Sending Touch (ACTION_DOWN): 0:(991.0,500.0)
:Sending Touch (ACTION_UP): 0:(1010.5841,496.71848)
:Sending Touch (ACTION_DOWN): 0:(372.0,1475.0)
:Sending Touch (ACTION_UP): 0:(380.39352,1467.9689)
:Sending Touch (ACTION_DOWN): 0:(771.0,1250.0)
:Sending Touch (ACTION_UP): 0:(745.5863,1228.7523)
:Sending Touch (ACTION_DOWN): 0:(770.0,1037.0)
:Sending Touch (ACTION_UP): 0:(765.08417,1040.0603)
:Sending Touch (ACTION_DOWN): 0:(750.0,356.0)
:Sending Touch (ACTION_UP): 0:(756.0814,359.432)
:Sending Touch (ACTION_DOWN): 0:(260.0,286.0)
:Sending Touch (ACTION_UP): 0:(258.37173,285.78275)
:Sending Touch (ACTION_DOWN): 0:(1018.0,1292.0)
:Sending Touch (ACTION_UP): 0:(1019.5936,1282.5568)
:Sending Touch (ACTION_DOWN): 0:(995.0,1066.0)
:Sending Touch (ACTION_UP): 0:(995.4163,1064.8807)
:Sending Touch (ACTION_DOWN): 0:(987.0,921.0)
:Sending Touch (ACTION_UP): 0:(978.9902,909.76996)
:Sending Touch (ACTION_DOWN): 0:(446.0,1541.0)
:Sending Touch (ACTION_UP): 0:(449.298,1535.9645)
:Sending Touch (ACTION_DOWN): 0:(232.0,714.0)
:Sending Touch (ACTION_UP): 0:(228.34229,702.97546)
:Sending Touch (ACTION_DOWN): 0:(859.0,658.0)
:Sending Touch (ACTION_UP): 0:(859.4041,645.78143)
    //[calendar_time:2025-10-17 01:51:19.859  system_uptime:32555923]
    // Sending event #700
    //[calendar_time:2025-10-17 01:51:19.910  system_uptime:32555974]
    // Sending event #700
:Sending Touch (ACTION_DOWN): 0:(961.0,1158.0)
:Sending Touch (ACTION_UP): 0:(977.62366,1159.1785)
:Sending Touch (ACTION_DOWN): 0:(829.0,274.0)
:Sending Touch (ACTION_UP): 0:(836.5047,268.6768)
:Sending Touch (ACTION_DOWN): 0:(896.0,752.0)
:Sending Touch (ACTION_UP): 0:(897.0557,752.11456)
:Sending Touch (ACTION_DOWN): 0:(627.0,303.0)
:Sending Touch (ACTION_UP): 0:(620.0431,301.6191)
:Sending Touch (ACTION_DOWN): 0:(208.0,466.0)
:Sending Touch (ACTION_UP): 0:(207.87103,468.01447)
:Sending Touch (ACTION_DOWN): 0:(413.0,1648.0)
:Sending Touch (ACTION_UP): 0:(413.86948,1637.8928)
:Sending Touch (ACTION_DOWN): 0:(551.0,133.0)
:Sending Touch (ACTION_UP): 0:(554.22015,132.41948)
:Sending Touch (ACTION_DOWN): 0:(908.0,247.0)
:Sending Touch (ACTION_UP): 0:(908.11884,242.13046)
:Sending Touch (ACTION_DOWN): 0:(1052.0,19.0)
:Sending Touch (ACTION_UP): 0:(1053.5435,23.744835)
:Sending Trackball (ACTION_MOVE): 0:(0.0,3.0)
:Switch: #Intent;action=android.intent.action.MAIN;category=android.intent.category.LAUNCHER;launchFlags=0x10200000;component=org.telegram.messenger/.DefaultIcon;end
    // Allowing start of Intent { act=android.intent.action.MAIN cat=[android.intent.category.LAUNCHER] cmp=org.telegram.messenger/.DefaultIcon } in package org.telegram.messenger
:Sending Touch (ACTION_DOWN): 0:(1007.0,207.0)
:Sending Touch (ACTION_UP): 0:(1021.3435,218.61655)
:Sending Touch (ACTION_DOWN): 0:(12.0,595.0)
:Sending Touch (ACTION_UP): 0:(0.0,589.3278)
:Sending Touch (ACTION_DOWN): 0:(1047.0,119.0)
:Sending Touch (ACTION_UP): 0:(1051.6125,116.20546)
:Sending Touch (ACTION_DOWN): 0:(486.0,2056.0)
:Sending Touch (ACTION_UP): 0:(464.29233,2055.6077)
:Sending Touch (ACTION_DOWN): 0:(1054.0,1005.0)
:Sending Touch (ACTION_UP): 0:(1051.6738,1002.5258)
:Sending Touch (ACTION_DOWN): 0:(764.0,1139.0)
:Sending Touch (ACTION_UP): 0:(761.29016,1129.6147)
:Sending Touch (ACTION_DOWN): 0:(162.0,1053.0)
:Sending Touch (ACTION_UP): 0:(166.60873,1052.1935)
:Sending Touch (ACTION_DOWN): 0:(108.0,1113.0)
:Sending Touch (ACTION_UP): 0:(108.30509,1109.6057)
:Sending Touch (ACTION_DOWN): 0:(303.0,419.0)
:Sending Touch (ACTION_UP): 0:(304.47687,418.99927)
:Sending Touch (ACTION_DOWN): 0:(478.0,184.0)
:Sending Touch (ACTION_UP): 0:(477.10086,181.13861)
:Sending Touch (ACTION_DOWN): 0:(215.0,1152.0)
:Sending Touch (ACTION_UP): 0:(202.95451,1160.0427)
:Sending Touch (ACTION_DOWN): 0:(568.0,589.0)
:Sending Touch (ACTION_UP): 0:(568.0579,576.0851)
:Sending Touch (ACTION_DOWN): 0:(236.0,1196.0)
:Sending Touch (ACTION_UP): 0:(229.69467,1191.9316)
:Sending Touch (ACTION_DOWN): 0:(26.0,1707.0)
:Sending Touch (ACTION_UP): 0:(14.901781,1689.5559)
:Sending Touch (ACTION_DOWN): 0:(170.0,401.0)
:Sending Touch (ACTION_UP): 0:(159.01009,405.38364)
:Sending Touch (ACTION_DOWN): 0:(209.0,1233.0)
:Sending Touch (ACTION_UP): 0:(211.48817,1228.1466)
:Sending Touch (ACTION_DOWN): 0:(261.0,1491.0)
:Sending Touch (ACTION_UP): 0:(268.16714,1500.2942)
:Sending Touch (ACTION_DOWN): 0:(828.0,634.0)
:Sending Touch (ACTION_UP): 0:(827.9365,641.5305)
:Sending Touch (ACTION_DOWN): 0:(814.0,625.0)
:Sending Touch (ACTION_UP): 0:(835.9952,624.7123)
:Sending Touch (ACTION_DOWN): 0:(574.0,814.0)
:Sending Touch (ACTION_UP): 0:(573.81195,804.0471)
:Sending Touch (ACTION_DOWN): 0:(533.0,1954.0)
:Sending Touch (ACTION_UP): 0:(547.4587,1942.6049)
:Sending Touch (ACTION_DOWN): 0:(220.0,1639.0)
:Sending Touch (ACTION_UP): 0:(219.9474,1643.24)
:Sending Touch (ACTION_DOWN): 0:(151.0,1331.0)
:Sending Touch (ACTION_UP): 0:(151.72507,1319.8783)
:Sending Touch (ACTION_DOWN): 0:(945.0,2137.0)
Events injected: 800
:Sending rotation degree=0, persist=false
:Dropped: keys=0 pointers=0 trackballs=0 flips=0 rotations=0
## Network stats: elapsed time=16263ms (0ms mobile, 0ms wifi, 16263ms not connected)
// Monkey finished
