000000000079350c g    DF .text	0000000000000188              Java_org_telegram_messenger_voip_NativeInstance_onSignalingDataReceive
00000000007474b8 g    DF .text	0000000000000088              Java_org_webrtc_RtpReceiver_nativeSetFrameDecryptor
000000000076d94c g    DF .text	0000000000000078              Java_org_webrtc_LibvpxVp9Encoder_nativeIsSupported
00000000007626a0 g    DF .text	000000000000017c              Java_org_webrtc_PeerConnection_nativeSetLocalDescription
000000000060c4d0 g    DF .text	000000000000000c              Java_com_google_android_exoplayer2_ext_flac_FlacDecoderJni_flacFlush
0000000000781ea4 g    DF .text	0000000000000160              Java_org_webrtc_VideoDecoderFallback_nativeCreate
000000000077dd64 g    DF .text	00000000000000b0              Java_org_webrtc_audio_WebRtcAudioTrack_nativeGetPlayoutData
000000000077c488 g    DF .text	0000000000000008              Java_org_webrtc_audio_WebRtcAudioRecord_nativeDataIsRecorded
00000000007625dc g    DF .text	00000000000000c4              Java_org_webrtc_PeerConnection_nativeSetConfiguration
0000000000760e9c g    DF .text	0000000000000194              Java_org_webrtc_PeerConnection_nativeCreateAnswer
0000000000785424 g    DF .text	00000000000001b4              Java_org_webrtc_JavaI420Buffer_nativeCropAndScaleI420
0000000000790e14 g    DF .text	00000000000000ec              Java_org_telegram_messenger_voip_NativeInstance_getLastError
0000000000793694 g    DF .text	00000000000000a4              Java_org_telegram_messenger_voip_NativeInstance_onRequestTimeComplete
0000000000754c64 g    DF .text	0000000000000080              Java_org_webrtc_DataChannel_nativeLabel
0000000000606f84 g    DF .text	0000000000000168              Java_org_telegram_ui_Components_RLottieDrawable_setLayerColor
0000000000602634 g    DF .text	0000000000000110              Java_org_telegram_messenger_Utilities_readlinkFd
0000000000754ba4 g    DF .text	0000000000000068              Java_org_webrtc_DataChannel_nativeBufferedAmount
00000000005fde6c g    DF .text	000000000000000c              Java_org_telegram_messenger_Intro_setScrollOffset
0000000000601bcc g    DF .text	00000000000000a4              Java_org_telegram_SQLite_SQLitePreparedStatement_step
000000000077311c g    DF .text	000000000000002c              Java_org_webrtc_NetworkMonitor_nativeNotifyOfActiveNetworkList
000000000078c528 g    DF .text	00000000000001bc              Java_org_telegram_messenger_voip_NativeInstance_setJoinResponsePayload
000000000075bc4c g    DF .text	0000000000000040              Java_org_webrtc_CallSessionFileRotatingLogSink_nativeDeleteSink
0000000000790940 g    DF .text	0000000000000144              Java_org_telegram_messenger_voip_NativeInstance_setGlobalServerConfig
00000000007924c8 g    DF .text	0000000000000138              Java_org_telegram_messenger_voip_NativeInstance_switchCameraCapturer
0000000000762abc g    DF .text	0000000000000054              Java_org_webrtc_PeerConnection_nativeSignalingState
00000000005ec944 g    DF .text	00000000000001a4              Java_org_telegram_messenger_video_WebmEncoder_stop
00000000005ef60c g    DF .text	0000000000000038              Java_org_telegram_messenger_Utilities_pinBitmap
000000000075c8c8 g    DF .text	000000000000001c              Java_org_webrtc_PeerConnectionFactory_nativeCreateVideoSource
0000000000602778 g    DF .text	0000000000000248              Java_org_telegram_messenger_Utilities_setupNativeCrashesListener
0000000000762940 g    DF .text	000000000000017c              Java_org_webrtc_PeerConnection_nativeSetRemoteDescription
000000000075cfa4 g    DF .text	0000000000000008              Java_org_webrtc_PeerConnectionFactory_nativeInitializeInternalTracer
000000000060f0a4 g    DF .text	0000000000000100              Java_com_google_android_exoplayer2_ext_ffmpeg_FfmpegAudioDecoder_ffmpegReset
00000000007473d0 g    DF .text	0000000000000068              Java_org_webrtc_RtpReceiver_nativeGetParameters
0000000000602188 g    DF .text	000000000000001c              Java_org_telegram_SQLite_SQLiteDatabase_beginTransaction
000000000077c320 g    DF .text	00000000000000b4              Java_org_webrtc_audio_WebRtcAudioRecord_nativeCacheDirectBufferAddress
0000000000761d94 g    DF .text	00000000000000d0              Java_org_webrtc_PeerConnection_nativeNewGetStats
0000000000606580 g    DF .text	00000000000003b4              Java_org_telegram_ui_Components_RLottieDrawable_getDuration
00000000005e9898 g    DF .text	000000000000007c              Java_org_telegram_messenger_Utilities_clearDir
00000000007822d8 g    DF .text	0000000000000058              Java_org_webrtc_NativeAndroidVideoTrackSource_nativeAdaptOutputFormat
000000000075d1e4 g    DF .text	00000000000000ac              Java_org_webrtc_PeerConnectionFactory_nativeStartInternalTracingCapture
00000000006182c8 g    DF .text	000000000000026c              Java_org_telegram_messenger_voip_ConferenceCall_call_1describe
0000000000762478 g    DF .text	000000000000003c              Java_org_webrtc_PeerConnection_nativeSetAudioPlayout
00000000005ea73c g    DF .text	000000000000009c              Java_org_telegram_messenger_MediaController_isOpusFile
0000000000614af8 g    DF .text	0000000000000290              Java_org_telegram_messenger_voip_ConferenceCall_key_1from_1public_1key
00000000006187f0 g    DF .text	00000000000002bc              Java_org_telegram_messenger_voip_ConferenceCall_call_1describe_1message
0000000000782c00 g    DF .text	0000000000000194              Java_org_webrtc_SoftwareVideoEncoderFactory_nativeGetSupportedCodecs
000000000076d698 g    DF .text	0000000000000048              Java_org_webrtc_JniCommon_nativeAllocateByteBuffer
000000000075cde4 g    DF .text	0000000000000034              Java_org_webrtc_PeerConnectionFactory_nativeInitializeAndroidGlobals
00000000006061a8 g    DF .text	00000000000003d8              Java_org_telegram_ui_Components_RLottieDrawable_getFramesCount
0000000000772e88 g    DF .text	000000000000010c              Java_org_webrtc_YuvHelper_nativeI420ToNV12
0000000000617d14 g    DF .text	0000000000000230              Java_org_telegram_messenger_voip_ConferenceCall_call_1destroy
000000000075cad4 g    DF .text	00000000000000dc              Java_org_webrtc_PeerConnectionFactory_nativeFindFieldTrialsFullName
0000000000602308 g    DF .text	000000000000000c              Java_org_telegram_SQLite_SQLiteCursor_columnType
000000000075fea8 g    DF .text	0000000000000078              Java_org_webrtc_MediaStreamTrack_nativeGetKind
0000000000790ce0 g    DF .text	000000000000009c              Java_org_telegram_messenger_voip_NativeInstance_setAudioOutputGainControlEnabled
0000000000761e64 g    DF .text	0000000000000184              Java_org_webrtc_PeerConnection_nativeNewGetStatsReceiver
00000000005e8f30 g    DF .text	0000000000000190              Java_org_telegram_messenger_Utilities_aesCtrDecryptionByteArray
00000000007618a0 g    DF .text	000000000000010c              Java_org_webrtc_PeerConnection_nativeGetReceivers
000000000075d290 g    DF .text	0000000000000010              Java_org_webrtc_PeerConnectionFactory_nativeStopAecDump
0000000000749fdc g    DF .text	0000000000000090              Java_org_webrtc_MediaStream_nativeRemoveAudioTrack
000000000074950c g    DF .text	0000000000000010              Java_org_webrtc_DtmfSender_nativeDuration
0000000000754eb4 g    DF .text	0000000000000178              Java_org_webrtc_DataChannel_nativeState
0000000000752938 g    DF .text	0000000000000010              Java_org_webrtc_RtpTransceiver_nativeStopInternal
000000000076d688 g    DF .text	0000000000000010              Java_org_webrtc_JniCommon_nativeAddRef
0000000000791074 g    DF .text	00000000000000cc              Java_org_telegram_messenger_voip_NativeInstance_getTrafficStats
00000000006163e0 g    DF .text	0000000000000240              Java_org_telegram_messenger_voip_ConferenceCall_call_1get_1height
0000000000761218 g    DF .text	0000000000000194              Java_org_webrtc_PeerConnection_nativeCreateOffer
000000000078d8b8 g    DF .text	00000000000001cc              Java_org_telegram_messenger_voip_NativeInstance_setVideoEndpointQuality
000000000075d0a8 g    DF .text	00000000000000cc              Java_org_webrtc_PeerConnectionFactory_nativePrintStackTrace
0000000000618534 g    DF .text	00000000000002bc              Java_org_telegram_messenger_voip_ConferenceCall_call_1describe_1block
00000000007607c8 g    DF .text	000000000000029c              Java_org_webrtc_PeerConnection_nativeAddTrack
00000000005ef148 g    DF .text	00000000000004c4              Java_org_telegram_messenger_Utilities_calcCDT
0000000000604084 g    DF .text	00000000000003e0              Java_org_telegram_ui_Components_AnimatedFileDrawable_seekToMs
0000000000602384 g    DF .text	000000000000004c              Java_org_telegram_SQLite_SQLiteCursor_columnLongValue
00000000005e9218 g    DF .text	0000000000000118              Java_org_telegram_messenger_Utilities_aesCbcEncryption
0000000000603f00 g    DF .text	00000000000000d0              Java_org_telegram_ui_Components_AnimatedFileDrawable_destroyDecoder
00000000007615c0 g    DF .text	0000000000000030              Java_org_webrtc_PeerConnection_nativeFreeOwnedPeerConnection
0000000000617f44 g    DF .text	000000000000022c              Java_org_telegram_messenger_voip_ConferenceCall_call_1destroy_1all
0000000000791a5c g    DF .text	00000000000005c4              Java_org_telegram_messenger_voip_NativeInstance_createVideoCapturer
00000000006129cc g    DF .text	0000000000000ec8              Java_org_telegram_messenger_MrzRecognizer_binarizeAndFindCharacters
0000000000760788 g    DF .text	0000000000000040              Java_org_webrtc_PeerConnection_nativeAddLocalStream
000000000075fe0c g    DF .text	0000000000000024              Java_org_webrtc_MediaStreamTrack_nativeGetEnabled
0000000000616990 g    DF .text	0000000000000314              Java_org_telegram_messenger_voip_ConferenceCall_call_1get_1state
0000000000762c1c g    DF .text	0000000000000030              Java_org_webrtc_PeerConnection_nativeStopRtcEventLog
0000000000752948 g    DF .text	000000000000003c              Java_org_webrtc_RtpTransceiver_nativeStopStandard
000000000075b860 g    DF .text	000000000000010c              Java_org_webrtc_RtpSender_nativeSetStreams
000000000075c02c g    DF .text	00000000000000d0              Java_org_webrtc_PeerConnectionFactory_nativeCreateLocalMediaStream
00000000005ef654 g    DF .text	0000000000000bb8              Java_org_telegram_messenger_Utilities_stackBlurBitmap
0000000000602028 g    DF .text	0000000000000078              Java_org_telegram_SQLite_SQLitePreparedStatement_bindDouble
0000000000760a64 g    DF .text	00000000000001b8              Java_org_webrtc_PeerConnection_nativeAddTransceiverOfType
00000000007494e8 g    DF .text	0000000000000024              Java_org_webrtc_DtmfSender_nativeCanInsertDtmf
0000000000601e58 g    DF .text	00000000000000d8              Java_org_telegram_SQLite_SQLitePreparedStatement_bindString
0000000000602580 g    DF .text	00000000000000b4              Java_org_telegram_messenger_Utilities_readlink
0000000000760e48 g    DF .text	0000000000000054              Java_org_webrtc_PeerConnection_nativeConnectionState
0000000000792600 g    DF .text	00000000000000c0              Java_org_telegram_messenger_voip_NativeInstance_setVideoStateCapturer
0000000000754d90 g    DF .text	0000000000000124              Java_org_webrtc_DataChannel_nativeSend
0000000000612070 g    DF .text	000000000000095c              Java_org_telegram_messenger_MrzRecognizer_findCornerPoints
00000000005ea690 g    DF .text	0000000000000070              Java_org_telegram_messenger_MediaController_startRecord
0000000000601fac g    DF .text	000000000000007c              Java_org_telegram_SQLite_SQLitePreparedStatement_bindLong
00000000007495b0 g    DF .text	0000000000000010              Java_org_webrtc_DtmfSender_nativeInterToneGap
00000000005e8cb8 g    DF .text	0000000000000170              Java_org_telegram_messenger_Utilities_pbkdf2
000000000075fce8 g    DF .text	0000000000000014              Java_org_webrtc_Logging_nativeEnableLogToDebugOutput
000000000060e8ac g    DF .text	0000000000000008              Java_com_google_android_exoplayer2_ext_ffmpeg_FfmpegLibrary_ffmpegGetInputBufferPaddingSize
0000000000602314 g    DF .text	0000000000000024              Java_org_telegram_SQLite_SQLiteCursor_columnIsNull
000000000076ddcc g    DF .text	0000000000000004              Java_org_webrtc_Metrics_nativeEnable
0000000000790c40 g    DF .text	00000000000000a0              Java_org_telegram_messenger_voip_NativeInstance_setVolume
00000000006179ec g    DF .text	0000000000000328              Java_org_telegram_messenger_voip_ConferenceCall_call_1get_1verification_1words
000000000060e850 g    DF .text	0000000000000010              Java_com_google_android_exoplayer2_ext_opus_OpusDecoder_opusSetFloatOutput
0000000000617554 g    DF .text	000000000000026c              Java_org_telegram_messenger_voip_ConferenceCall_call_1pull_1outbound_1messages
000000000075be44 g    DF .text	0000000000000110              Java_org_webrtc_PeerConnectionFactory_nativeCreateAudioSource
0000000000792020 g    DF .text	0000000000000224              Java_org_telegram_messenger_voip_NativeInstance_activateVideoCapturer
0000000000772c08 g    DF .text	0000000000000138              Java_org_webrtc_YuvHelper_nativeI420Copy
000000000076d700 g    DF .text	0000000000000010              Java_org_webrtc_JniCommon_nativeReleaseRef
0000000000760e18 g    DF .text	0000000000000030              Java_org_webrtc_PeerConnection_nativeClose
0000000000613ef8 g    DF .text	00000000000000cc              Java_org_telegram_messenger_MrzRecognizer_setYuvBitmapPixels
00000000005fdebc g    DF .text	000000000000002c              Java_org_telegram_messenger_Intro_setIcTextures
0000000000779cc8 g    DF .text	00000000000000bc              Java_org_webrtc_SoftwareVideoDecoderFactory_nativeCreate
0000000000791350 g    DF .text	0000000000000114              Java_org_telegram_messenger_voip_NativeInstance_stopGroupNative
00000000005fdf20 g    DF .text	0000000000000018              Java_org_telegram_messenger_Intro_setPowerfulTextures
000000000060c1a8 g    DF .text	00000000000000d4              Java_com_google_android_exoplayer2_ext_flac_FlacDecoderJni_flacDecodeToBuffer
000000000075243c g    DF .text	0000000000000088              Java_org_webrtc_RtpTransceiver_nativeGetMid
000000000060c470 g    DF .text	000000000000003c              Java_com_google_android_exoplayer2_ext_flac_FlacDecoderJni_flacGetStateString
0000000000762258 g    DF .text	00000000000000f4              Java_org_webrtc_PeerConnection_nativeRemoveIceCandidates
00000000007852d0 g    DF .text	0000000000000014              Java_org_webrtc_Histogram_nativeAddSample
0000000000752344 g    DF .text	0000000000000068              Java_org_webrtc_RtpTransceiver_nativeCurrentDirection
000000000075cd68 g    DF .text	000000000000007c              Java_org_webrtc_PeerConnectionFactory_nativeGetRtpSenderCapabilities
000000000076d864 g    DF .text	0000000000000078              Java_org_webrtc_LibvpxVp9Decoder_nativeIsSupported
000000000075bb10 g    DF .text	000000000000013c              Java_org_webrtc_CallSessionFileRotatingLogSink_nativeAddSink
000000000075d174 g    DF .text	0000000000000004              Java_org_webrtc_PeerConnectionFactory_nativeShutdownInternalTracer
00000000006021c0 g    DF .text	0000000000000140              Java_org_telegram_SQLite_SQLiteDatabase_opendb
0000000000747438 g    DF .text	0000000000000080              Java_org_webrtc_RtpReceiver_nativeGetTrack
000000000075cbb0 g    DF .text	0000000000000134              Java_org_webrtc_PeerConnectionFactory_nativeFreeFactory
00000000005fdeb0 g    DF .text	000000000000000c              Java_org_telegram_messenger_Intro_setDate
0000000000752550 g    DF .text	000000000000008c              Java_org_webrtc_RtpTransceiver_nativeGetSender
0000000000605618 g    DF .text	0000000000000b90              Java_org_telegram_ui_Components_RLottieDrawable_create
0000000000791140 g    DF .text	0000000000000110              Java_org_telegram_messenger_voip_NativeInstance_getPersistentState
00000000007613ac g    DF .text	0000000000000090              Java_org_webrtc_PeerConnection_nativeCreatePeerConnectionObserver
0000000000784e10 g    DF .text	0000000000000074              Java_org_webrtc_BuiltinAudioDecoderFactoryFactory_nativeCreateBuiltinAudioDecoderFactory
000000000073840c g    DF .text	0000000000000038              Java_org_telegram_messenger_voip_VideoCapturerDevice_nativeGetJavaVideoCapturerObserver
0000000000785390 g    DF .text	0000000000000094              Java_org_webrtc_Histogram_nativeCreateEnumeration
000000000079283c g    DF .text	0000000000000134              Java_org_telegram_messenger_voip_NativeInstance_setVideoState
0000000000615e2c g    DF .text	00000000000002a4              Java_org_telegram_messenger_voip_ConferenceCall_call_1create
000000000074c9a4 g    DF .text	0000000000000094              Java_org_webrtc_AudioTrack_nativeSetVolume
0000000000790ad0 g    DF .text	00000000000000b4              Java_org_telegram_messenger_voip_NativeInstance_setNetworkType
0000000000603198 g    DF .text	0000000000000624              Java_org_telegram_ui_Components_AnimatedFileDrawable_getVideoInfo
0000000000602464 g    DF .text	0000000000000098              Java_org_telegram_SQLite_SQLiteCursor_columnByteArrayValue
000000000060ec20 g    DF .text	0000000000000118              Java_com_google_android_exoplayer2_ext_ffmpeg_FfmpegAudioDecoder_ffmpegDecode
000000000076d9c4 g    DF .text	0000000000000064              Java_org_webrtc_VideoTrack_nativeAddSink
0000000000760c1c g    DF .text	00000000000001fc              Java_org_webrtc_PeerConnection_nativeAddTransceiverWithTrack
0000000000779d84 g    DF .text	0000000000000070              Java_org_webrtc_SoftwareVideoDecoderFactory_nativeCreateFactory
000000000060bac8 g    DF .text	00000000000000e0              Java_com_google_android_exoplayer2_ext_flac_FlacDecoderJni_flacInit
00000000007732c4 g    DF .text	000000000000002c              Java_org_webrtc_NetworkMonitor_nativeNotifyOfNetworkConnect
000000000060f068 g    DF .text	000000000000003c              Java_com_google_android_exoplayer2_ext_ffmpeg_FfmpegAudioDecoder_ffmpegGetSampleRate
0000000000761878 g    DF .text	0000000000000028              Java_org_webrtc_PeerConnection_nativeGetNativePeerConnection
000000000077378c g    DF .text	000000000000002c              Java_org_webrtc_NetworkMonitor_nativeNotifyOfNetworkPreference
000000000060bac4 g    DF .text	0000000000000004              Java_org_telegram_messenger_NativeLoader_init
000000000074a06c g    DF .text	0000000000000090              Java_org_webrtc_MediaStream_nativeRemoveVideoTrack
000000000078ad3c g    DF .text	0000000000000240              Java_org_webrtc_NV12Buffer_nativeCropAndScale
0000000000790d7c g    DF .text	0000000000000098              Java_org_telegram_messenger_voip_NativeInstance_setEchoCancellationStrength
0000000000772b80 g    DF .text	0000000000000088              Java_org_webrtc_YuvHelper_nativeCopyPlane
0000000000602118 g    DF .text	0000000000000070              Java_org_telegram_SQLite_SQLiteDatabase_closedb
0000000000790ab4 g    DF .text	000000000000001c              Java_org_telegram_messenger_voip_NativeInstance_setBufferSize
000000000076da28 g    DF .text	0000000000000018              Java_org_webrtc_VideoTrack_nativeFreeSink
00000000007624f0 g    DF .text	00000000000000ec              Java_org_webrtc_PeerConnection_nativeSetBitrate
000000000076d8dc g    DF .text	0000000000000070              Java_org_webrtc_LibvpxVp9Encoder_nativeCreateEncoder
000000000078acb4 g    DF .text	0000000000000030              Java_org_webrtc_TimestampAligner_nativeReleaseTimestampAligner
0000000000772f98 g    DF .text	0000000000000008              Java_org_webrtc_NetworkMonitor_nativeNotifyConnectionTypeChanged
00000000007524c4 g    DF .text	000000000000008c              Java_org_webrtc_RtpTransceiver_nativeGetReceiver
0000000000754c38 g    DF .text	000000000000002c              Java_org_webrtc_DataChannel_nativeId
0000000000616e80 g    DF .text	000000000000033c              Java_org_telegram_messenger_voip_ConferenceCall_call_1get_1verification_1state
000000000075fd0c g    DF .text	0000000000000100              Java_org_webrtc_Logging_nativeLog
00000000005f0bd4 g    DF .text	00000000000007a4              Java_org_telegram_messenger_Utilities_generateGradient
000000000077ab20 g    DF .text	0000000000000074              Java_org_webrtc_BuiltinAudioEncoderFactoryFactory_nativeCreateBuiltinAudioEncoderFactory
0000000000606ef8 g    DF .text	000000000000008c              Java_org_telegram_ui_Components_RLottieDrawable_destroy
000000000078b8e0 g    DF .text	0000000000000c48              Java_org_telegram_messenger_voip_NativeInstance_makeGroupNativeInstance
00000000005e8b80 g    DF .text	0000000000000138              Java_org_telegram_messenger_Utilities_aesIgeEncryptionByteArray
0000000000601f30 g    DF .text	000000000000007c              Java_org_telegram_SQLite_SQLitePreparedStatement_bindInt
0000000000779df4 g    DF .text	0000000000000194              Java_org_webrtc_SoftwareVideoDecoderFactory_nativeGetSupportedCodecs
00000000005fdefc g    DF .text	0000000000000014              Java_org_telegram_messenger_Intro_setFastTextures
0000000000616620 g    DF .text	0000000000000370              Java_org_telegram_messenger_voip_ConferenceCall_call_1apply_1block
000000000060c400 g    DF .text	0000000000000070              Java_com_google_android_exoplayer2_ext_flac_FlacDecoderJni_flacGetSeekPoints
00000000006021a4 g    DF .text	000000000000001c              Java_org_telegram_SQLite_SQLiteDatabase_commitTransaction
0000000000614834 g    DF .text	00000000000002c4              Java_org_telegram_messenger_voip_ConferenceCall_key_1to_1public_1key
000000000078ccbc g    DF .text	0000000000000090              Java_org_telegram_messenger_voip_NativeInstance_setNoiseSuppressionEnabled
000000000060e7f4 g    DF .text	0000000000000008              Java_com_google_android_exoplayer2_ext_opus_OpusDecoder_opusClose
00000000005fdf38 g    DF .text	0000000000000010              Java_org_telegram_messenger_Intro_setPrivateTextures
00000000005eb4cc g    DF .text	00000000000007a8              Java_org_telegram_ui_Stories_recorder_FfmpegAudioWaveformLoader_init
00000000005fdee8 g    DF .text	0000000000000014              Java_org_telegram_messenger_Intro_setTelegramTextures
000000000060c4dc g    DF .text	000000000000000c              Java_com_google_android_exoplayer2_ext_flac_FlacDecoderJni_flacReset
0000000000749ed4 g    DF .text	0000000000000090              Java_org_webrtc_MediaStream_nativeAddVideoTrackToNativeStream
0000000000785fa4 g    DF .text	0000000000000030              Java_org_webrtc_VideoEncoderWrapper_nativeOnEncodedFrame
00000000005ec784 g    DF .text	00000000000001c0              Java_org_telegram_messenger_video_WebmEncoder_writeFrame
00000000005fde78 g    DF .text	0000000000000038              Java_org_telegram_messenger_Intro_setPage
0000000000754ce4 g    DF .text	00000000000000ac              Java_org_webrtc_DataChannel_nativeRegisterObserver
000000000060c27c g    DF .text	00000000000000fc              Java_com_google_android_exoplayer2_ext_flac_FlacDecoderJni_flacDecodeToArray
00000000007927cc g    DF .text	0000000000000070              Java_org_telegram_messenger_voip_NativeInstance_hasVideoCapturer
00000000005ec274 g    DF .text	00000000000000f4              Java_org_telegram_messenger_MediaController_joinOpusFiles
0000000000791464 g    DF .text	000000000000047c              Java_org_telegram_messenger_voip_NativeInstance_onStreamPartAvailable
00000000005f5ce8 g    DF .text	00000000000068e4              Java_org_telegram_messenger_Intro_onDrawFrame
0000000000784e84 g    DF .text	00000000000001ac              Java_org_webrtc_NV21Buffer_nativeCropAndScale
00000000007475c8 g    DF .text	000000000000004c              Java_org_webrtc_RtpReceiver_nativeUnsetObserver
0000000000790a84 g    DF .text	0000000000000030              Java_org_telegram_messenger_voip_NativeInstance_getVersion
000000000060c3e0 g    DF .text	000000000000000c              Java_com_google_android_exoplayer2_ext_flac_FlacDecoderJni_flacGetLastFrameFirstSampleIndex
0000000000792450 g    DF .text	0000000000000078              Java_org_telegram_messenger_voip_NativeInstance_destroyVideoCapturer
00000000007926c0 g    DF .text	000000000000010c              Java_org_telegram_messenger_voip_NativeInstance_switchCamera
00000000007937e8 g    DF .text	00000000000001f4              Java_org_telegram_messenger_voip_NativeInstance_getAllVersions
00000000005f13a8 g    DF .text	000000000000017c              Java_org_telegram_messenger_Utilities_convertVideoFrame
000000000060e808 g    DF .text	000000000000003c              Java_com_google_android_exoplayer2_ext_opus_OpusDecoder_opusGetErrorMessage
00000000006019a0 g    DF .text	00000000000001d8              Java_org_telegram_messenger_Intro_onSurfaceChanged
000000000074951c g    DF .text	0000000000000094              Java_org_webrtc_DtmfSender_nativeInsertDtmf
00000000005e9790 g    DF .text	0000000000000084              Java_org_telegram_messenger_Utilities_getDirSize
00000000006037bc g    DF .text	0000000000000744              Java_org_telegram_ui_Components_AnimatedFileDrawable_createDecoder
000000000075bc8c g    DF .text	00000000000001b8              Java_org_webrtc_CallSessionFileRotatingLogSink_nativeGetLogData
0000000000760090 g    DF .text	000000000000002c              Java_org_webrtc_MediaStreamTrack_nativeSetEnabled
00000000005fdf48 g    DF .text	0000000000002a58              Java_org_telegram_messenger_Intro_onSurfaceCreated
00000000007852e4 g    DF .text	00000000000000ac              Java_org_webrtc_Histogram_nativeCreateCounts
0000000000790fec g    DF .text	0000000000000088              Java_org_telegram_messenger_voip_NativeInstance_getPreferredRelayId
00000000007729f8 g    DF .text	00000000000000a0              Java_org_webrtc_H264Utils_nativeIsSameH264Profile
0000000000604c40 g    DF .text	0000000000000534              Java_org_telegram_ui_Components_AnimatedFileDrawable_getVideoFrame
0000000000606934 g    DF .text	00000000000005c4              Java_org_telegram_ui_Components_RLottieDrawable_createWithJson
00000000007619ac g    DF .text	0000000000000128              Java_org_webrtc_PeerConnection_nativeGetRemoteDescription
0000000000603fe0 g    DF .text	0000000000000010              Java_org_telegram_ui_Components_AnimatedFileDrawable_prepareToSeek
000000000060e514 g    DF .text	000000000000016c              Java_com_google_android_exoplayer2_ext_opus_OpusDecoder_opusInit
00000000007918e0 g    DF .text	000000000000017c              Java_org_telegram_messenger_voip_NativeInstance_onMediaDescriptionAvailable
000000000075bf54 g    DF .text	00000000000000d8              Java_org_webrtc_PeerConnectionFactory_nativeCreateAudioTrack
000000000077a0a0 g    DF .text	0000000000000154              Java_org_webrtc_VideoEncoderFallback_nativeCreateEncoder
00000000005eae04 g    DF .text	00000000000006c8              Java_org_telegram_messenger_MediaController_getWaveform
0000000000762448 g    DF .text	0000000000000030              Java_org_webrtc_PeerConnection_nativeRestartIce
0000000000749e44 g    DF .text	0000000000000090              Java_org_webrtc_MediaStream_nativeAddAudioTrackToNativeStream
0000000000782004 g    DF .text	000000000000003c              Java_org_webrtc_NativeAndroidVideoTrackSource_nativeAdaptFrame
000000000076d784 g    DF .text	0000000000000070              Java_org_webrtc_LibvpxVp8Encoder_nativeCreateEncoder
0000000000793738 g    DF .text	00000000000000b0              Java_org_telegram_messenger_voip_NativeInstance_setConferenceCallId
0000000000761cec g    DF .text	0000000000000054              Java_org_webrtc_PeerConnection_nativeIceConnectionState
00000000007624b4 g    DF .text	000000000000003c              Java_org_webrtc_PeerConnection_nativeSetAudioRecording
00000000006070ec g    DF .text	00000000000001d0              Java_org_telegram_ui_Components_RLottieDrawable_replaceColors
0000000000760364 g    DF .text	000000000000013c              Java_org_webrtc_PeerConnection_nativeAddIceCandidate
00000000006072bc g    DF .text	00000000000000d4              Java_org_telegram_ui_Components_RLottieDrawable_getFrame
000000000075b3b4 g    DF .text	0000000000000078              Java_org_webrtc_RtpSender_nativeGetId
000000000060e8b4 g    DF .text	0000000000000074              Java_com_google_android_exoplayer2_ext_ffmpeg_FfmpegLibrary_ffmpegHasDecoder
0000000000601d34 g    DF .text	0000000000000074              Java_org_telegram_SQLite_SQLitePreparedStatement_reset
0000000000793230 g    DF .text	00000000000002dc              Java_org_telegram_messenger_voip_NativeInstance_setupOutgoingVideoCreated
000000000076234c g    DF .text	0000000000000038              Java_org_webrtc_PeerConnection_nativeRemoveLocalStream
000000000075b488 g    DF .text	0000000000000068              Java_org_webrtc_RtpSender_nativeGetParameters
000000000075fcfc g    DF .text	0000000000000008              Java_org_webrtc_Logging_nativeEnableLogThreads
00000000006020a0 g    DF .text	0000000000000078              Java_org_telegram_SQLite_SQLitePreparedStatement_bindNull
0000000000762384 g    DF .text	00000000000000c4              Java_org_webrtc_PeerConnection_nativeRemoveTrack
00000000006145f8 g    DF .text	000000000000023c              Java_org_telegram_messenger_voip_ConferenceCall_key_1generate_1temporary_1private_1key
00000000007523f4 g    DF .text	0000000000000048              Java_org_webrtc_RtpTransceiver_nativeGetMediaType
00000000007526ec g    DF .text	000000000000024c              Java_org_webrtc_RtpTransceiver_nativeSetDirection
000000000076da40 g    DF .text	0000000000000014              Java_org_webrtc_VideoTrack_nativeRemoveSink
00000000006023d0 g    DF .text	000000000000004c              Java_org_telegram_SQLite_SQLiteCursor_columnDoubleValue
0000000000761ad4 g    DF .text	000000000000010c              Java_org_webrtc_PeerConnection_nativeGetSenders
000000000060c4ac g    DF .text	0000000000000024              Java_com_google_android_exoplayer2_ext_flac_FlacDecoderJni_flacIsDecoderAtEndOfStream
000000000075ccec g    DF .text	000000000000007c              Java_org_webrtc_PeerConnectionFactory_nativeGetRtpReceiverCapabilities
000000000075ce18 g    DF .text	000000000000018c              Java_org_webrtc_PeerConnectionFactory_nativeInitializeFieldTrials
0000000000772a98 g    DF .text	00000000000000e8              Java_org_webrtc_YuvHelper_nativeABGRToI420
0000000000792970 g    DF .text	00000000000008c0              Java_org_telegram_messenger_voip_NativeInstance_setupOutgoingVideo
000000000075b334 g    DF .text	0000000000000080              Java_org_webrtc_RtpSender_nativeGetDtmfSender
000000000076da54 g    DF .text	000000000000005c              Java_org_webrtc_VideoTrack_nativeWrapSink
000000000075fd04 g    DF .text	0000000000000008              Java_org_webrtc_Logging_nativeEnableLogTimeStamps
0000000000613894 g    DF .text	0000000000000664              Java_org_telegram_messenger_MrzRecognizer_performRecognition
00000000005f5928 g    DF .text	00000000000003c0              Java_org_telegram_messenger_Intro_setBackgroundColor
0000000000602300 g    DF .text	0000000000000008              Java_org_telegram_SQLite_SQLiteCursor_columnCount
000000000076c2cc g    DF .text	0000000000000170              Java_org_webrtc_MediaSource_nativeGetState
000000000076281c g    DF .text	0000000000000124              Java_org_webrtc_PeerConnection_nativeSetLocalDescriptionAutomatically
000000000075cfac g    DF .text	00000000000000fc              Java_org_webrtc_PeerConnectionFactory_nativeInjectLoggable
000000000075c5a4 g    DF .text	0000000000000324              Java_org_webrtc_PeerConnectionFactory_nativeCreatePeerConnectionFactory
00000000005ece84 g    DF .text	00000000000022c4              Java_org_telegram_messenger_Utilities_blurBitmap
000000000075d178 g    DF .text	000000000000006c              Java_org_webrtc_PeerConnectionFactory_nativeStartAecDump
000000000075b734 g    DF .text	0000000000000088              Java_org_webrtc_RtpSender_nativeSetFrameEncryptor
000000000060e868 g    DF .text	0000000000000030              Java_com_google_android_exoplayer2_ext_opus_OpusLibrary_opusGetVersion
00000000005fdf10 g    DF .text	0000000000000010              Java_org_telegram_messenger_Intro_setFreeTextures
000000000075502c g    DF .text	0000000000000048              Java_org_webrtc_DataChannel_nativeUnregisterObserver
000000000060e7ec g    DF .text	0000000000000008              Java_com_google_android_exoplayer2_ext_opus_OpusDecoder_opusSecureDecode
000000000076d7f4 g    DF .text	0000000000000070              Java_org_webrtc_LibvpxVp9Decoder_nativeCreateDecoder
00000000005ec1ac g    DF .text	00000000000000c8              Java_org_telegram_messenger_MediaController_cropOpusFile
000000000060c4e8 g    DF .text	0000000000000054              Java_com_google_android_exoplayer2_ext_flac_FlacDecoderJni_flacRelease
00000000005e8e28 g    DF .text	0000000000000108              Java_org_telegram_messenger_Utilities_aesCtrDecryption
0000000000779f88 g    DF .text	0000000000000118              Java_org_webrtc_SoftwareVideoDecoderFactory_nativeIsSupported
000000000075ca30 g    DF .text	00000000000000a4              Java_org_webrtc_PeerConnectionFactory_nativeDeleteLoggable
00000000005ec368 g    DF .text	000000000000041c              Java_org_telegram_messenger_video_WebmEncoder_createEncoder
000000000060f1e8 g    DF .text	0000000000000040              Java_com_google_android_exoplayer2_ext_ffmpeg_FfmpegAudioDecoder_ffmpegRelease
0000000000601c70 g    DF .text	00000000000000c4              Java_org_telegram_SQLite_SQLitePreparedStatement_prepare
000000000076ddd0 g    DF .text	0000000000000750              Java_org_webrtc_Metrics_nativeGetAndReset
00000000005ef644 g    DF .text	0000000000000010              Java_org_telegram_messenger_Utilities_unpinBitmap
000000000078244c g    DF .text	0000000000000038              Java_org_webrtc_NativeAndroidVideoTrackSource_nativeOnFrameCaptured
000000000060e7fc g    DF .text	000000000000000c              Java_com_google_android_exoplayer2_ext_opus_OpusDecoder_opusReset
0000000000790f00 g    DF .text	00000000000000ec              Java_org_telegram_messenger_voip_NativeInstance_getDebugInfo
00000000005ea7d8 g    DF .text	000000000000062c              Java_org_telegram_messenger_MediaController_getWaveform2
0000000000761d40 g    DF .text	0000000000000054              Java_org_webrtc_PeerConnection_nativeIceGatheringState
0000000000761fe8 g    DF .text	0000000000000184              Java_org_webrtc_PeerConnection_nativeNewGetStatsSender
00000000005e9814 g    DF .text	0000000000000084              Java_org_telegram_messenger_Utilities_getLastUsageFileTime
0000000000772f94 g    DF .text	0000000000000004              Java_org_webrtc_EglBase10Impl_nativeGetCurrentNativeEGLContext
000000000078da84 g    DF .text	0000000000002ebc              Java_org_telegram_messenger_voip_NativeInstance_makeNativeInstance
0000000000790b84 g    DF .text	00000000000000bc              Java_org_telegram_messenger_voip_NativeInstance_setMuteMicrophone
000000000078cd4c g    DF .text	00000000000009cc              Java_org_telegram_messenger_voip_NativeInstance_addIncomingVideoOutput
000000000060e860 g    DF .text	0000000000000008              Java_com_google_android_exoplayer2_ext_opus_OpusLibrary_opusIsSecureDecodeSupported
0000000000762b10 g    DF .text	000000000000010c              Java_org_webrtc_PeerConnection_nativeStartRtcEventLog
000000000060c3c0 g    DF .text	0000000000000020              Java_com_google_android_exoplayer2_ext_flac_FlacDecoderJni_flacGetLastFrameTimestamp
0000000000754228 g    DF .text	0000000000000204              Java_org_webrtc_RtcCertificatePem_nativeGenerateCertificate
0000000000772d40 g    DF .text	0000000000000148              Java_org_webrtc_YuvHelper_nativeI420Rotate
0000000000782ad0 g    DF .text	00000000000000c0              Java_org_webrtc_SoftwareVideoEncoderFactory_nativeCreateEncoder
00000000006160d0 g    DF .text	0000000000000310              Java_org_telegram_messenger_voip_ConferenceCall_call_1create_1change_1state_1block
0000000000603fd0 g    DF .text	0000000000000010              Java_org_telegram_ui_Components_AnimatedFileDrawable_stopDecoder
0000000000752984 g    DF .text	0000000000000024              Java_org_webrtc_RtpTransceiver_nativeStopped
000000000075cce4 g    DF .text	0000000000000008              Java_org_webrtc_PeerConnectionFactory_nativeGetNativePeerConnectionFactory
0000000000792244 g    DF .text	000000000000020c              Java_org_telegram_messenger_voip_NativeInstance_clearVideoCapturer
000000000078d718 g    DF .text	00000000000001a0              Java_org_telegram_messenger_voip_NativeInstance_removeIncomingVideoOutput
00000000005e8a68 g    DF .text	0000000000000118              Java_org_telegram_messenger_Utilities_aesIgeEncryption
00000000007604a0 g    DF .text	00000000000002e8              Java_org_webrtc_PeerConnection_nativeAddIceCandidateWithObserver
000000000078ace4 g    DF .text	0000000000000004              Java_org_webrtc_TimestampAligner_nativeRtcTimeNanos
000000000077f434 g    DF .text	00000000000001ec              Java_org_webrtc_audio_JavaAudioDeviceModule_nativeCreateAudioDeviceModule
0000000000782b90 g    DF .text	0000000000000070              Java_org_webrtc_SoftwareVideoEncoderFactory_nativeCreateFactory
00000000005f020c g    DF .text	00000000000008a0              Java_org_telegram_messenger_Utilities_drawDitheredGradient
000000000078c824 g    DF .text	00000000000001c4              Java_org_telegram_messenger_voip_NativeInstance_resetGroupInstance
00000000007495c0 g    DF .text	0000000000000078              Java_org_webrtc_DtmfSender_nativeTones
000000000061570c g    DF .text	0000000000000310              Java_org_telegram_messenger_voip_ConferenceCall_call_1create_1zero_1block
0000000000773608 g    DF .text	0000000000000008              Java_org_webrtc_NetworkMonitor_nativeNotifyOfNetworkDisconnect
000000000076d6e0 g    DF .text	0000000000000020              Java_org_webrtc_JniCommon_nativeFreeByteBuffer
000000000060c378 g    DF .text	0000000000000048              Java_com_google_android_exoplayer2_ext_flac_FlacDecoderJni_flacGetDecodePosition
000000000060bba8 g    DF .text	0000000000000600              Java_com_google_android_exoplayer2_ext_flac_FlacDecoderJni_flacDecodeMetadata
0000000000754c0c g    DF .text	000000000000002c              Java_org_webrtc_DataChannel_nativeClose
000000000076216c g    DF .text	00000000000000ec              Java_org_webrtc_PeerConnection_nativeOldGetStats
00000000007523ac g    DF .text	0000000000000048              Java_org_webrtc_RtpTransceiver_nativeDirection
000000000060e844 g    DF .text	000000000000000c              Java_com_google_android_exoplayer2_ext_opus_OpusDecoder_opusGetErrorCode
000000000076e58c g    DF .text	000000000000003c              Java_org_webrtc_VideoDecoderWrapper_nativeOnDecodedFrame
000000000060241c g    DF .text	0000000000000048              Java_org_telegram_SQLite_SQLiteCursor_columnStringValue
000000000060e680 g    DF .text	000000000000016c              Java_com_google_android_exoplayer2_ext_opus_OpusDecoder_opusDecode
00000000005ea700 g    DF .text	0000000000000038              Java_org_telegram_messenger_MediaController_writeFrame
0000000000782624 g    DF .text	000000000000000c              Java_org_webrtc_NativeAndroidVideoTrackSource_nativeSetState
00000000005e90c0 g    DF .text	0000000000000158              Java_org_telegram_messenger_Utilities_aesCbcEncryptionByteArray
000000000076d710 g    DF .text	0000000000000074              Java_org_webrtc_LibvpxVp8Decoder_nativeCreateDecoder
000000000075c8e4 g    DF .text	000000000000014c              Java_org_webrtc_PeerConnectionFactory_nativeCreateVideoTrack
0000000000747358 g    DF .text	0000000000000078              Java_org_webrtc_RtpReceiver_nativeGetId
000000000078ac74 g    DF .text	0000000000000040              Java_org_webrtc_TimestampAligner_nativeCreateTimestampAligner
000000000075b7bc g    DF .text	00000000000000a4              Java_org_webrtc_RtpSender_nativeSetParameters
00000000005ecc70 g    DF .text	0000000000000214              Java_org_telegram_messenger_Utilities_needInvert
000000000060c3ec g    DF .text	0000000000000014              Java_com_google_android_exoplayer2_ext_flac_FlacDecoderJni_flacGetNextFrameFirstSampleIndex
0000000000601db0 g    DF .text	00000000000000a8              Java_org_telegram_SQLite_SQLitePreparedStatement_bindByteBuffer
00000000007615f0 g    DF .text	0000000000000160              Java_org_webrtc_PeerConnection_nativeGetCertificate
000000000075d2a0 g    DF .text	0000000000000004              Java_org_webrtc_PeerConnectionFactory_nativeStopInternalTracingCapture
0000000000761030 g    DF .text	00000000000001e8              Java_org_webrtc_PeerConnection_nativeCreateDataChannel
0000000000761750 g    DF .text	0000000000000128              Java_org_webrtc_PeerConnection_nativeGetLocalDescription
000000000075ff20 g    DF .text	0000000000000170              Java_org_webrtc_MediaStreamTrack_nativeGetState
000000000075b4f0 g    DF .text	00000000000001c4              Java_org_webrtc_RtpSender_nativeGetStreams
000000000075c0fc g    DF .text	00000000000004a8              Java_org_webrtc_PeerConnectionFactory_nativeCreatePeerConnection
0000000000791250 g    DF .text	0000000000000100              Java_org_telegram_messenger_voip_NativeInstance_stopNative
00000000005ea738 g    DF .text	0000000000000004              Java_org_telegram_messenger_MediaController_stopRecord
00000000006171bc g    DF .text	0000000000000398              Java_org_telegram_messenger_voip_ConferenceCall_call_1receive_1inbound_1message
0000000000602338 g    DF .text	000000000000004c              Java_org_telegram_SQLite_SQLiteCursor_columnIntValue
000000000060e994 g    DF .text	00000000000000c4              Java_com_google_android_exoplayer2_ext_ffmpeg_FfmpegAudioDecoder_ffmpegInitialize
0000000000749f64 g    DF .text	0000000000000078              Java_org_webrtc_MediaStream_nativeGetId
000000000078c6e4 g    DF .text	0000000000000098              Java_org_telegram_messenger_voip_NativeInstance_prepareForStream
000000000075b6b4 g    DF .text	0000000000000080              Java_org_webrtc_RtpSender_nativeGetTrack
000000000075fe30 g    DF .text	0000000000000078              Java_org_webrtc_MediaStreamTrack_nativeGetId
000000000075b42c g    DF .text	000000000000005c              Java_org_webrtc_RtpSender_nativeGetMediaType
000000000060f02c g    DF .text	000000000000003c              Java_com_google_android_exoplayer2_ext_ffmpeg_FfmpegAudioDecoder_ffmpegGetChannelCount
00000000007525dc g    DF .text	0000000000000110              Java_org_webrtc_RtpTransceiver_nativeSetCodecPreferences
000000000077dc48 g    DF .text	0000000000000030              Java_org_webrtc_audio_WebRtcAudioTrack_nativeCacheDirectBufferAddress
0000000000747540 g    DF .text	0000000000000088              Java_org_webrtc_RtpReceiver_nativeSetObserver
000000000060e898 g    DF .text	0000000000000014              Java_com_google_android_exoplayer2_ext_ffmpeg_FfmpegLibrary_ffmpegGetVersion
00000000006024fc g    DF .text	0000000000000084              Java_org_telegram_SQLite_SQLiteCursor_columnByteBufferValue
00000000007825fc g    DF .text	0000000000000014              Java_org_webrtc_NativeAndroidVideoTrackSource_nativeSetIsScreencast
0000000000761be0 g    DF .text	000000000000010c              Java_org_webrtc_PeerConnection_nativeGetTransceivers
0000000000751a8c g    DF .text	0000000000000018              Java_org_webrtc_TurnCustomizer_nativeFreeTurnCustomizer
000000000060448c g    DF .text	0000000000000464              Java_org_telegram_ui_Components_AnimatedFileDrawable_getFrameAtTime
0000000000601da8 g    DF .text	0000000000000008              Java_org_telegram_SQLite_SQLitePreparedStatement_finalize
000000000076143c g    DF .text	0000000000000184              Java_org_webrtc_PeerConnection_nativeCreateSender
0000000000615a1c g    DF .text	0000000000000410              Java_org_telegram_messenger_voip_ConferenceCall_call_1create_1self_1add_1block
000000000078ace8 g    DF .text	0000000000000054              Java_org_webrtc_TimestampAligner_nativeTranslateTimestamp
000000000075b96c g    DF .text	0000000000000028              Java_org_webrtc_RtpSender_nativeSetTrack
